Using pre-set license
Built from '2021.3/staging' branch; Version is '2021.3.22f1 (b6c551784ba3) revision 11978065'; Using compiler version '192829333'; Build Type 'Release'
OS: 'Windows 11  (10.0.22631) 64bit Core' Language: 'es' Physical Memory: 16004 MB
BatchMode: 1, IsHumanControllingUs: 0, StartBugReporterOnCrash: 0, Is64bit: 1, IsPro: 1

COMMAND LINE ARGUMENTS:
C:\Program Files\Unity\Hub\Editor\2021.3.22f1\Editor\Unity.exe
-adb2
-batchMode
-noUpm
-name
AssetImportWorker18
-projectPath
C:/Users/lyrax/OneDrive/Escritorio/kilimbu/Kilimbu/Diagony
-logFile
Logs/AssetImportWorker18.log
-srvPort
65373
Successfully changed project path to: C:/Users/lyrax/OneDrive/Escritorio/kilimbu/Kilimbu/Diagony
C:/Users/lyrax/OneDrive/Escritorio/kilimbu/Kilimbu/Diagony
[UnityMemory] Configuration Parameters - Can be set up in boot.config
    "memorysetup-bucket-allocator-granularity=16"
    "memorysetup-bucket-allocator-bucket-count=8"
    "memorysetup-bucket-allocator-block-size=33554432"
    "memorysetup-bucket-allocator-block-count=8"
    "memorysetup-main-allocator-block-size=16777216"
    "memorysetup-thread-allocator-block-size=16777216"
    "memorysetup-gfx-main-allocator-block-size=16777216"
    "memorysetup-gfx-thread-allocator-block-size=16777216"
    "memorysetup-cache-allocator-block-size=4194304"
    "memorysetup-typetree-allocator-block-size=2097152"
    "memorysetup-profiler-bucket-allocator-granularity=16"
    "memorysetup-profiler-bucket-allocator-bucket-count=8"
    "memorysetup-profiler-bucket-allocator-block-size=33554432"
    "memorysetup-profiler-bucket-allocator-block-count=8"
    "memorysetup-profiler-allocator-block-size=16777216"
    "memorysetup-profiler-editor-allocator-block-size=1048576"
    "memorysetup-temp-allocator-size-main=16777216"
    "memorysetup-job-temp-allocator-block-size=2097152"
    "memorysetup-job-temp-allocator-block-size-background=1048576"
    "memorysetup-job-temp-allocator-reduction-small-platforms=262144"
    "memorysetup-temp-allocator-size-background-worker=32768"
    "memorysetup-temp-allocator-size-job-worker=262144"
    "memorysetup-temp-allocator-size-preload-manager=33554432"
    "memorysetup-temp-allocator-size-nav-mesh-worker=65536"
    "memorysetup-temp-allocator-size-audio-worker=65536"
    "memorysetup-temp-allocator-size-cloud-worker=32768"
    "memorysetup-temp-allocator-size-gi-baking-worker=262144"
    "memorysetup-temp-allocator-size-gfx=262144"
Player connection [24252] Host "[IP] 192.168.1.66 [Port] 0 [Flags] 2 [Guid] 3874343838 [EditorId] 3874343838 [Version] 1048832 [Id] WindowsEditor(7,yu) [Debug] 1 [PackageName] WindowsEditor [ProjectName] Editor" joined multi-casting on [225.0.0.222:54997]...

Player connection [24252] Host "[IP] 192.168.1.66 [Port] 0 [Flags] 2 [Guid] 3874343838 [EditorId] 3874343838 [Version] 1048832 [Id] WindowsEditor(7,yu) [Debug] 1 [PackageName] WindowsEditor [ProjectName] Editor" joined alternative multi-casting on [225.0.0.222:34997]...

Refreshing native plugins compatible for Editor in 73.89 ms, found 4 plugins.
Preloading 0 native plugins for Editor in 0.00 ms.
Initialize engine version: 2021.3.22f1 (b6c551784ba3)
[Subsystems] Discovering subsystems at path C:/Program Files/Unity/Hub/Editor/2021.3.22f1/Editor/Data/Resources/UnitySubsystems
[Subsystems] Discovering subsystems at path C:/Users/lyrax/OneDrive/Escritorio/kilimbu/Kilimbu/Diagony/Assets
GfxDevice: creating device client; threaded=0; jobified=0
Direct3D:
    Version:  Direct3D 11.0 [level 11.1]
    Renderer: NVIDIA GeForce RTX 3060 Laptop GPU (ID=0x2520)
    Vendor:   NVIDIA
    VRAM:     6023 MB
    Driver:   30.0.15.1278
Initialize mono
Mono path[0] = 'C:/Program Files/Unity/Hub/Editor/2021.3.22f1/Editor/Data/Managed'
Mono path[1] = 'C:/Program Files/Unity/Hub/Editor/2021.3.22f1/Editor/Data/MonoBleedingEdge/lib/mono/unityjit-win32'
Mono config path = 'C:/Program Files/Unity/Hub/Editor/2021.3.22f1/Editor/Data/MonoBleedingEdge/etc'
Using monoOptions --debugger-agent=transport=dt_socket,embedding=1,server=y,suspend=n,address=127.0.0.1:56224
Begin MonoManager ReloadAssembly
Registering precompiled unity dll's ...
Register platform support module: C:/Program Files/Unity/Hub/Editor/2021.3.22f1/Editor/Data/PlaybackEngines/WindowsStandaloneSupport/UnityEditor.WindowsStandalone.Extensions.dll
Registered in 0.002967 seconds.
Native extension for WindowsStandalone target not found
Refreshing native plugins compatible for Editor in 63.84 ms, found 4 plugins.
Preloading 0 native plugins for Editor in 0.00 ms.
Mono: successfully reloaded assembly
- Completed reload, in  0.480 seconds
Domain Reload Profiling:
	ReloadAssembly (481ms)
		BeginReloadAssembly (62ms)
			ExecutionOrderSort (0ms)
			DisableScriptedObjects (0ms)
			BackupInstance (0ms)
			ReleaseScriptingObjects (0ms)
			CreateAndSetChildDomain (1ms)
		EndReloadAssembly (344ms)
			LoadAssemblies (61ms)
			RebuildTransferFunctionScriptingTraits (0ms)
			SetupTypeCache (76ms)
			ReleaseScriptCaches (0ms)
			RebuildScriptCaches (21ms)
			SetupLoadedEditorAssemblies (208ms)
				LogAssemblyErrors (0ms)
				InitializePlatformSupportModulesInManaged (5ms)
				SetLoadedEditorAssemblies (0ms)
				RefreshPlugins (66ms)
				BeforeProcessingInitializeOnLoad (1ms)
				ProcessInitializeOnLoadAttributes (102ms)
				ProcessInitializeOnLoadMethodAttributes (33ms)
				AfterProcessingInitializeOnLoad (0ms)
				EditorAssembliesLoaded (0ms)
			ExecutionOrderSort2 (0ms)
			AwakeInstancesAfterBackupRestoration (0ms)
Platform modules already initialized, skipping
Registering precompiled user dll's ...
Registered in 0.003601 seconds.
Begin MonoManager ReloadAssembly
Symbol file LoadedFromMemory doesn't match image C:\Users\lyrax\OneDrive\Escritorio\kilimbu\Kilimbu\Diagony\Library\PackageCache\com.unity.visualscripting@1.8.0\Editor\VisualScripting.Core\Dependencies\YamlDotNet\Unity.VisualScripting.YamlDotNet.dll
Symbol file LoadedFromMemory doesn't match image C:\Users\lyrax\OneDrive\Escritorio\kilimbu\Kilimbu\Diagony\Library\PackageCache\com.unity.visualscripting@1.8.0\Editor\VisualScripting.Core\Dependencies\DotNetZip\Unity.VisualScripting.IonicZip.dll
Native extension for WindowsStandalone target not found
Refreshing native plugins compatible for Editor in 62.06 ms, found 4 plugins.
Preloading 0 native plugins for Editor in 0.00 ms.
Mono: successfully reloaded assembly
- Completed reload, in  0.794 seconds
Domain Reload Profiling:
	ReloadAssembly (795ms)
		BeginReloadAssembly (82ms)
			ExecutionOrderSort (0ms)
			DisableScriptedObjects (4ms)
			BackupInstance (0ms)
			ReleaseScriptingObjects (0ms)
			CreateAndSetChildDomain (16ms)
		EndReloadAssembly (631ms)
			LoadAssemblies (60ms)
			RebuildTransferFunctionScriptingTraits (0ms)
			SetupTypeCache (157ms)
			ReleaseScriptCaches (0ms)
			RebuildScriptCaches (43ms)
			SetupLoadedEditorAssemblies (337ms)
				LogAssemblyErrors (0ms)
				InitializePlatformSupportModulesInManaged (4ms)
				SetLoadedEditorAssemblies (0ms)
				RefreshPlugins (62ms)
				BeforeProcessingInitializeOnLoad (68ms)
				ProcessInitializeOnLoadAttributes (173ms)
				ProcessInitializeOnLoadMethodAttributes (27ms)
				AfterProcessingInitializeOnLoad (3ms)
				EditorAssembliesLoaded (0ms)
			ExecutionOrderSort2 (0ms)
			AwakeInstancesAfterBackupRestoration (4ms)
Platform modules already initialized, skipping
========================================================================
Worker process is ready to serve import requests
Launched and connected shader compiler UnityShaderCompiler.exe after 0.07 seconds
Refreshing native plugins compatible for Editor in 0.70 ms, found 4 plugins.
Preloading 0 native plugins for Editor in 0.00 ms.
Unloading 3788 Unused Serialized files (Serialized files now loaded: 0)
Unloading 35 unused Assets / (56.4 KB). Loaded Objects now: 4251.
Memory consumption went from 146.8 MB to 146.7 MB.
Total: 3.763000 ms (FindLiveObjects: 0.259600 ms CreateObjectMapping: 0.162000 ms MarkObjects: 3.226400 ms  DeleteObjects: 0.113600 ms)

AssetImportParameters requested are different than current active one (requested -> active):
  custom:video-decoder-ogg-theora: a1e56fd34408186e4bbccfd4996cb3dc -> 
  custom:container-muxer-webm: aa71ff27fc2769a1b78a27578f13a17b -> 
  custom:container-demuxer-webm: 4f35f7cbe854078d1ac9338744f61a02 -> 
  custom:video-encoder-webm-vp8: eb34c28f22e8b96e1ab97ce403110664 -> 
  custom:video-codec-MediaFoundation-h265: 746d11721c4dcdbdad8f713fa42b33f4 -> 
  custom:audio-encoder-webm-vorbis: bf7c407c2cedff20999df2af8eb42d56 -> 
  custom:framework-win-MediaFoundation: 216162199b28c13a410421893ffa2e32 -> 
  custom:container-demuxer-ogg: 62fdf1f143b41e24485cea50d1cbac27 -> 
  custom:video-decoder-webm-vp8: 9c59270c3fd7afecdb556c50c9e8de78 -> 
  custom:audio-decoder-ogg-vorbis: bf7c407c2cedff20999df2af8eb42d56 -> 
========================================================================
Received Import Request.
  Time since last request: 715973.750641 seconds.
  path: Assets/TextMesh Pro/Resources/myFonts/Fredoka_Expanded-Bold SDF.asset
  artifactKey: Guid(45d384c8c6da2344692ad2ae38a993fe) Importer(815301076,1909f56bfc062723c751e8b465ee728b)
Start importing Assets/TextMesh Pro/Resources/myFonts/Fredoka_Expanded-Bold SDF.asset using Guid(45d384c8c6da2344692ad2ae38a993fe) Importer(815301076,1909f56bfc062723c751e8b465ee728b)  -> (artifact id: '8f85363a6107ec82189e0775fd274d1f') in 0.536759 seconds 
========================================================================
Received Import Request.
  Time since last request: 0.000026 seconds.
  path: Assets/TextMesh Pro/Resources/myFonts/Mukta-Medium SDF.asset
  artifactKey: Guid(aab4e1d2a9570d04b94922c54e59cb3d) Importer(815301076,1909f56bfc062723c751e8b465ee728b)
Start importing Assets/TextMesh Pro/Resources/myFonts/Mukta-Medium SDF.asset using Guid(aab4e1d2a9570d04b94922c54e59cb3d) Importer(815301076,1909f56bfc062723c751e8b465ee728b)  -> (artifact id: 'f0a73709b5ad6f2e3fec54d2be0ab65d') in 0.076483 seconds 
========================================================================
Received Import Request.
  Time since last request: 0.000028 seconds.
  path: Assets/TextMesh Pro/Resources/myFonts/Fredoka_SemiCondensed-Medium SDF.asset
  artifactKey: Guid(bf6b44a9dea3cb344b58c339fef10cac) Importer(815301076,1909f56bfc062723c751e8b465ee728b)
Start importing Assets/TextMesh Pro/Resources/myFonts/Fredoka_SemiCondensed-Medium SDF.asset using Guid(bf6b44a9dea3cb344b58c339fef10cac) Importer(815301076,1909f56bfc062723c751e8b465ee728b)  -> (artifact id: '31af529f654d024d7837ed1224ca9ff9') in 0.057734 seconds 
========================================================================
Received Import Request.
  Time since last request: 0.000018 seconds.
  path: Assets/TextMesh Pro/Resources/myFonts/Fredoka_SemiExpanded-Medium SDF.asset
  artifactKey: Guid(f88621e66636b614bacc032fe73cc668) Importer(815301076,1909f56bfc062723c751e8b465ee728b)
Start importing Assets/TextMesh Pro/Resources/myFonts/Fredoka_SemiExpanded-Medium SDF.asset using Guid(f88621e66636b614bacc032fe73cc668) Importer(815301076,1909f56bfc062723c751e8b465ee728b)  -> (artifact id: '516322e08bc93534e58af728ed28b22a') in 0.084859 seconds 
========================================================================
Received Import Request.
  Time since last request: 0.000035 seconds.
  path: Assets/TextMesh Pro/Resources/myFonts/Mukta-Bold 1 SDF.asset
  artifactKey: Guid(67847b022f1d0714995295bff9ed01d1) Importer(815301076,1909f56bfc062723c751e8b465ee728b)
Start importing Assets/TextMesh Pro/Resources/myFonts/Mukta-Bold 1 SDF.asset using Guid(67847b022f1d0714995295bff9ed01d1) Importer(815301076,1909f56bfc062723c751e8b465ee728b)  -> (artifact id: '49fd544c8691295f98a387179d28fc87') in 0.061743 seconds 
========================================================================
Received Import Request.
  Time since last request: 0.000020 seconds.
  path: Assets/TextMesh Pro/Resources/myFonts/Fredoka_SemiExpanded-Bold SDF.asset
  artifactKey: Guid(d2e3be060a9f96240a495095a0a53224) Importer(815301076,1909f56bfc062723c751e8b465ee728b)
Start importing Assets/TextMesh Pro/Resources/myFonts/Fredoka_SemiExpanded-Bold SDF.asset using Guid(d2e3be060a9f96240a495095a0a53224) Importer(815301076,1909f56bfc062723c751e8b465ee728b)  -> (artifact id: '54ab19ad34328d068ecab7f745cbf7f0') in 0.062314 seconds 
========================================================================
Received Import Request.
  Time since last request: 0.000033 seconds.
  path: Assets/TextMesh Pro/Resources/myFonts/Fredoka_Expanded-Light SDF.asset
  artifactKey: Guid(16862dabbd5fd8f408b135ae5b2271b1) Importer(815301076,1909f56bfc062723c751e8b465ee728b)
Start importing Assets/TextMesh Pro/Resources/myFonts/Fredoka_Expanded-Light SDF.asset using Guid(16862dabbd5fd8f408b135ae5b2271b1) Importer(815301076,1909f56bfc062723c751e8b465ee728b)  -> (artifact id: '035dafb96ea50dffa9643249a280288c') in 0.080324 seconds 
========================================================================
Received Import Request.
  Time since last request: 0.000031 seconds.
  path: Assets/TextMesh Pro/Resources/myFonts/PathwayExtreme_120pt_SemiCondensed-SemiBold SDF.asset
  artifactKey: Guid(4fd3fd08a5b8d374687de7e2c0b5c970) Importer(815301076,1909f56bfc062723c751e8b465ee728b)
Start importing Assets/TextMesh Pro/Resources/myFonts/PathwayExtreme_120pt_SemiCondensed-SemiBold SDF.asset using Guid(4fd3fd08a5b8d374687de7e2c0b5c970) Importer(815301076,1909f56bfc062723c751e8b465ee728b)  -> (artifact id: 'fd6c9b6a21d95e1c463e1bed252b7a7d') in 0.072732 seconds 
========================================================================
Received Import Request.
  Time since last request: 0.000021 seconds.
  path: Assets/TextMesh Pro/Resources/myFonts/Mukta-ExtraBold SDF.asset
  artifactKey: Guid(caffbb48f1844f140b9b1f6e6107b125) Importer(815301076,1909f56bfc062723c751e8b465ee728b)
Start importing Assets/TextMesh Pro/Resources/myFonts/Mukta-ExtraBold SDF.asset using Guid(caffbb48f1844f140b9b1f6e6107b125) Importer(815301076,1909f56bfc062723c751e8b465ee728b)  -> (artifact id: 'ea8b8e5010850e3471ba9056c428dae5') in 0.061096 seconds 
========================================================================
Received Import Request.
  Time since last request: 0.000020 seconds.
  path: Assets/TextMesh Pro/Resources/myFonts/Mukta-ExtraLight SDF.asset
  artifactKey: Guid(dad037ad62d6d9e4397ca76a8afd458a) Importer(815301076,1909f56bfc062723c751e8b465ee728b)
Start importing Assets/TextMesh Pro/Resources/myFonts/Mukta-ExtraLight SDF.asset using Guid(dad037ad62d6d9e4397ca76a8afd458a) Importer(815301076,1909f56bfc062723c751e8b465ee728b)  -> (artifact id: '233879f5051c03ab69012079bb3efe47') in 0.060150 seconds 
========================================================================
Received Import Request.
  Time since last request: 0.000025 seconds.
  path: Assets/TextMesh Pro/Resources/myFonts/PathwayExtreme_36pt_SemiCondensed-Medium SDF.asset
  artifactKey: Guid(b8e509602036bd749a1c8d9eb38a8d10) Importer(815301076,1909f56bfc062723c751e8b465ee728b)
Start importing Assets/TextMesh Pro/Resources/myFonts/PathwayExtreme_36pt_SemiCondensed-Medium SDF.asset using Guid(b8e509602036bd749a1c8d9eb38a8d10) Importer(815301076,1909f56bfc062723c751e8b465ee728b)  -> (artifact id: '7be9efaed45d396449f191fefd9fe406') in 0.059994 seconds 
========================================================================
Received Import Request.
  Time since last request: 0.000017 seconds.
  path: Assets/TextMesh Pro/Resources/myFonts/Fredoka_SemiCondensed-Regular SDF.asset
  artifactKey: Guid(b6c7f6f3422b84b4c893d92b115f8904) Importer(815301076,1909f56bfc062723c751e8b465ee728b)
Start importing Assets/TextMesh Pro/Resources/myFonts/Fredoka_SemiCondensed-Regular SDF.asset using Guid(b6c7f6f3422b84b4c893d92b115f8904) Importer(815301076,1909f56bfc062723c751e8b465ee728b)  -> (artifact id: 'ea49be184a80dce31b1aed1b873c7797') in 0.064303 seconds 
========================================================================
Received Import Request.
  Time since last request: 0.000017 seconds.
  path: Assets/TextMesh Pro/Resources/myFonts/Fredoka_SemiCondensed-Bold SDF.asset
  artifactKey: Guid(79164f1412916d84d952f490b9161983) Importer(815301076,1909f56bfc062723c751e8b465ee728b)
Start importing Assets/TextMesh Pro/Resources/myFonts/Fredoka_SemiCondensed-Bold SDF.asset using Guid(79164f1412916d84d952f490b9161983) Importer(815301076,1909f56bfc062723c751e8b465ee728b)  -> (artifact id: '9fa09287af62081fe10d18adf545804d') in 0.060949 seconds 
========================================================================
Received Import Request.
  Time since last request: 0.000024 seconds.
  path: Assets/TextMesh Pro/Resources/myFonts/Fredoka_SemiExpanded-Light SDF.asset
  artifactKey: Guid(7c18bdb298226ab479d3e5ad1d0a550c) Importer(815301076,1909f56bfc062723c751e8b465ee728b)
Start importing Assets/TextMesh Pro/Resources/myFonts/Fredoka_SemiExpanded-Light SDF.asset using Guid(7c18bdb298226ab479d3e5ad1d0a550c) Importer(815301076,1909f56bfc062723c751e8b465ee728b)  -> (artifact id: '9662ccfc8b3029d2490bd4aea553b62b') in 0.056957 seconds 
========================================================================
Received Import Request.
  Time since last request: 254.500982 seconds.
  path: Assets/TextMesh Pro/Resources/myFonts/Fredoka-Regular SDF.asset
  artifactKey: Guid(968e04d42e7b35e4da9a64f6a71547f3) Importer(815301076,1909f56bfc062723c751e8b465ee728b)
Start importing Assets/TextMesh Pro/Resources/myFonts/Fredoka-Regular SDF.asset using Guid(968e04d42e7b35e4da9a64f6a71547f3) Importer(815301076,1909f56bfc062723c751e8b465ee728b)  -> (artifact id: '510596c6ed85f180e7cc1aa6b9e709fb') in 0.065268 seconds 
========================================================================
Received Import Request.
  Time since last request: 677.198803 seconds.
  path: Assets/TextMesh Pro/Resources/myFonts/Fredoka-Regular SDF.asset
  artifactKey: Guid(968e04d42e7b35e4da9a64f6a71547f3) Importer(815301076,1909f56bfc062723c751e8b465ee728b)
Start importing Assets/TextMesh Pro/Resources/myFonts/Fredoka-Regular SDF.asset using Guid(968e04d42e7b35e4da9a64f6a71547f3) Importer(815301076,1909f56bfc062723c751e8b465ee728b)  -> (artifact id: '2baa1fd07e3b1f8212241f060b46cf92') in 0.048153 seconds 
========================================================================
Received Import Request.
  Time since last request: 112.983361 seconds.
  path: Assets/TextMesh Pro/Resources/myFonts/Fredoka-Regular SDF.asset
  artifactKey: Guid(968e04d42e7b35e4da9a64f6a71547f3) Importer(815301076,1909f56bfc062723c751e8b465ee728b)
Start importing Assets/TextMesh Pro/Resources/myFonts/Fredoka-Regular SDF.asset using Guid(968e04d42e7b35e4da9a64f6a71547f3) Importer(815301076,1909f56bfc062723c751e8b465ee728b)  -> (artifact id: '6e7d91092c515ce1d3342d8f95218260') in 0.038333 seconds 
========================================================================
Received Import Request.
  Time since last request: 36.743265 seconds.
  path: Assets/TextMesh Pro/Resources/myFonts/Fredoka-Medium SDF.asset
  artifactKey: Guid(9ccaed279af817249991a231778f6438) Importer(815301076,1909f56bfc062723c751e8b465ee728b)
Start importing Assets/TextMesh Pro/Resources/myFonts/Fredoka-Medium SDF.asset using Guid(9ccaed279af817249991a231778f6438) Importer(815301076,1909f56bfc062723c751e8b465ee728b)  -> (artifact id: '6427cab06e9c9a06a1b5053d955a4a37') in 0.034463 seconds 
========================================================================
Received Import Request.
  Time since last request: 0.000019 seconds.
  path: Assets/TextMesh Pro/Resources/myFonts/Fredoka-Regular SDF.asset
  artifactKey: Guid(968e04d42e7b35e4da9a64f6a71547f3) Importer(815301076,1909f56bfc062723c751e8b465ee728b)
Start importing Assets/TextMesh Pro/Resources/myFonts/Fredoka-Regular SDF.asset using Guid(968e04d42e7b35e4da9a64f6a71547f3) Importer(815301076,1909f56bfc062723c751e8b465ee728b)  -> (artifact id: '04ce934e385e78f7a28f0cead066ef96') in 0.035252 seconds 
========================================================================
Received Import Request.
  Time since last request: 91.268044 seconds.
  path: Assets/Prefabs/CombatScene/ira.prefab
  artifactKey: Guid(59d178462c504ee418da3a1168f965f9) Importer(815301076,1909f56bfc062723c751e8b465ee728b)
Start importing Assets/Prefabs/CombatScene/ira.prefab using Guid(59d178462c504ee418da3a1168f965f9) Importer(815301076,1909f56bfc062723c751e8b465ee728b)  -> (artifact id: '55426baba78ab96832fd7480d5c03515') in 1.857216 seconds 
========================================================================
Received Import Request.
  Time since last request: 0.000026 seconds.
  path: Assets/Prefabs/CombatScene/miedo.prefab
  artifactKey: Guid(47131a513d40a4f4b88db7e38e01b99d) Importer(815301076,1909f56bfc062723c751e8b465ee728b)
Start importing Assets/Prefabs/CombatScene/miedo.prefab using Guid(47131a513d40a4f4b88db7e38e01b99d) Importer(815301076,1909f56bfc062723c751e8b465ee728b)  -> (artifact id: '60382fa7885682d6cf9b71ad66636275') in 0.299937 seconds 
========================================================================
Received Import Request.
  Time since last request: 61.846115 seconds.
  path: Assets/Prefabs/ChestScene/CardMana.prefab
  artifactKey: Guid(aa544f96885b27e40ac87fb2a232cfb2) Importer(815301076,1909f56bfc062723c751e8b465ee728b)
Start importing Assets/Prefabs/ChestScene/CardMana.prefab using Guid(aa544f96885b27e40ac87fb2a232cfb2) Importer(815301076,1909f56bfc062723c751e8b465ee728b)  -> (artifact id: '9e7050b1e7438cfa3b67191793149674') in 0.039126 seconds 
========================================================================
Received Import Request.
  Time since last request: 44.577267 seconds.
  path: Assets/Prefabs/MainMenu/SettingsInterface/DescriptionTextsOption.prefab
  artifactKey: Guid(cdea629b2581cba4dbbd5279a733ae4b) Importer(815301076,1909f56bfc062723c751e8b465ee728b)
Start importing Assets/Prefabs/MainMenu/SettingsInterface/DescriptionTextsOption.prefab using Guid(cdea629b2581cba4dbbd5279a733ae4b) Importer(815301076,1909f56bfc062723c751e8b465ee728b)  -> (artifact id: 'dfc167fa7c18607ef495e6325b0a3e23') in 0.036072 seconds 
========================================================================
Received Import Request.
  Time since last request: 0.000017 seconds.
  path: Assets/Prefabs/MainMenu/SettingsInterface/SettingsText.prefab
  artifactKey: Guid(60dc2509ae28be74091b8cdb1bc8844e) Importer(815301076,1909f56bfc062723c751e8b465ee728b)
Start importing Assets/Prefabs/MainMenu/SettingsInterface/SettingsText.prefab using Guid(60dc2509ae28be74091b8cdb1bc8844e) Importer(815301076,1909f56bfc062723c751e8b465ee728b)  -> (artifact id: 'bd9611f65b501ff6447a3acc4d3ce9bd') in 0.039836 seconds 
========================================================================
Received Import Request.
  Time since last request: 0.000019 seconds.
  path: Assets/Prefabs/MainMenu/SettingsInterface/LanguageDropdown.prefab
  artifactKey: Guid(0a74efcaaf434214f8026c75463aa40c) Importer(815301076,1909f56bfc062723c751e8b465ee728b)
Start importing Assets/Prefabs/MainMenu/SettingsInterface/LanguageDropdown.prefab using Guid(0a74efcaaf434214f8026c75463aa40c) Importer(815301076,1909f56bfc062723c751e8b465ee728b)  -> (artifact id: 'b20bebb3c70c7ada539bb6a287692931') in 0.044025 seconds 
========================================================================
Received Import Request.
  Time since last request: 11.391725 seconds.
  path: Assets/Prefabs/MapScene/RoomButton.prefab
  artifactKey: Guid(77d431e28ee4a5e4c8b50f2b7392d38a) Importer(815301076,1909f56bfc062723c751e8b465ee728b)
Start importing Assets/Prefabs/MapScene/RoomButton.prefab using Guid(77d431e28ee4a5e4c8b50f2b7392d38a) Importer(815301076,1909f56bfc062723c751e8b465ee728b)  -> (artifact id: 'a02f8ec9de680a38faac1d0db86b8b46') in 0.039841 seconds 
Editor requested this worker to shutdown with reason: Scaling down because of idle timeout
AssetImportWorker is now disconnected from the server
Process exiting
Exiting without the bug reporter. Application will terminate with return code 0