Using pre-set license
Built from '2021.3/staging' branch; Version is '2021.3.22f1 (b6c551784ba3) revision 11978065'; Using compiler version '192829333'; Build Type 'Release'
OS: 'Windows 11  (10.0.22631) 64bit Core' Language: 'es' Physical Memory: 16004 MB
BatchMode: 1, IsHumanControllingUs: 0, StartBugReporterOnCrash: 0, Is64bit: 1, IsPro: 1

COMMAND LINE ARGUMENTS:
C:\Program Files\Unity\Hub\Editor\2021.3.22f1\Editor\Unity.exe
-adb2
-batchMode
-noUpm
-name
AssetImportWorker14
-projectPath
C:/Users/lyrax/OneDrive/Escritorio/kilimbu/Kilimbu/Diagony
-logFile
Logs/AssetImportWorker14.log
-srvPort
65373
Successfully changed project path to: C:/Users/lyrax/OneDrive/Escritorio/kilimbu/Kilimbu/Diagony
C:/Users/lyrax/OneDrive/Escritorio/kilimbu/Kilimbu/Diagony
[UnityMemory] Configuration Parameters - Can be set up in boot.config
    "memorysetup-bucket-allocator-granularity=16"
    "memorysetup-bucket-allocator-bucket-count=8"
    "memorysetup-bucket-allocator-block-size=33554432"
    "memorysetup-bucket-allocator-block-count=8"
    "memorysetup-main-allocator-block-size=16777216"
    "memorysetup-thread-allocator-block-size=16777216"
    "memorysetup-gfx-main-allocator-block-size=16777216"
    "memorysetup-gfx-thread-allocator-block-size=16777216"
    "memorysetup-cache-allocator-block-size=4194304"
    "memorysetup-typetree-allocator-block-size=2097152"
    "memorysetup-profiler-bucket-allocator-granularity=16"
    "memorysetup-profiler-bucket-allocator-bucket-count=8"
    "memorysetup-profiler-bucket-allocator-block-size=33554432"
    "memorysetup-profiler-bucket-allocator-block-count=8"
    "memorysetup-profiler-allocator-block-size=16777216"
    "memorysetup-profiler-editor-allocator-block-size=1048576"
    "memorysetup-temp-allocator-size-main=16777216"
    "memorysetup-job-temp-allocator-block-size=2097152"
    "memorysetup-job-temp-allocator-block-size-background=1048576"
    "memorysetup-job-temp-allocator-reduction-small-platforms=262144"
    "memorysetup-temp-allocator-size-background-worker=32768"
    "memorysetup-temp-allocator-size-job-worker=262144"
    "memorysetup-temp-allocator-size-preload-manager=33554432"
    "memorysetup-temp-allocator-size-nav-mesh-worker=65536"
    "memorysetup-temp-allocator-size-audio-worker=65536"
    "memorysetup-temp-allocator-size-cloud-worker=32768"
    "memorysetup-temp-allocator-size-gi-baking-worker=262144"
    "memorysetup-temp-allocator-size-gfx=262144"
Player connection [31468] Host "[IP] 192.168.1.66 [Port] 0 [Flags] 2 [Guid] 506768661 [EditorId] 506768661 [Version] 1048832 [Id] WindowsEditor(7,yu) [Debug] 1 [PackageName] WindowsEditor [ProjectName] Editor" joined multi-casting on [225.0.0.222:54997]...

Player connection [31468] Host "[IP] 192.168.1.66 [Port] 0 [Flags] 2 [Guid] 506768661 [EditorId] 506768661 [Version] 1048832 [Id] WindowsEditor(7,yu) [Debug] 1 [PackageName] WindowsEditor [ProjectName] Editor" joined alternative multi-casting on [225.0.0.222:34997]...

Refreshing native plugins compatible for Editor in 88.66 ms, found 4 plugins.
Preloading 0 native plugins for Editor in 0.00 ms.
Initialize engine version: 2021.3.22f1 (b6c551784ba3)
[Subsystems] Discovering subsystems at path C:/Program Files/Unity/Hub/Editor/2021.3.22f1/Editor/Data/Resources/UnitySubsystems
[Subsystems] Discovering subsystems at path C:/Users/lyrax/OneDrive/Escritorio/kilimbu/Kilimbu/Diagony/Assets
GfxDevice: creating device client; threaded=0; jobified=0
Direct3D:
    Version:  Direct3D 11.0 [level 11.1]
    Renderer: NVIDIA GeForce RTX 3060 Laptop GPU (ID=0x2520)
    Vendor:   NVIDIA
    VRAM:     6023 MB
    Driver:   30.0.15.1278
Initialize mono
Mono path[0] = 'C:/Program Files/Unity/Hub/Editor/2021.3.22f1/Editor/Data/Managed'
Mono path[1] = 'C:/Program Files/Unity/Hub/Editor/2021.3.22f1/Editor/Data/MonoBleedingEdge/lib/mono/unityjit-win32'
Mono config path = 'C:/Program Files/Unity/Hub/Editor/2021.3.22f1/Editor/Data/MonoBleedingEdge/etc'
Using monoOptions --debugger-agent=transport=dt_socket,embedding=1,server=y,suspend=n,address=127.0.0.1:56532
Begin MonoManager ReloadAssembly
Registering precompiled unity dll's ...
Register platform support module: C:/Program Files/Unity/Hub/Editor/2021.3.22f1/Editor/Data/PlaybackEngines/WindowsStandaloneSupport/UnityEditor.WindowsStandalone.Extensions.dll
Registered in 0.002682 seconds.
Native extension for WindowsStandalone target not found
Refreshing native plugins compatible for Editor in 80.99 ms, found 4 plugins.
Preloading 0 native plugins for Editor in 0.00 ms.
Mono: successfully reloaded assembly
- Completed reload, in  0.640 seconds
Domain Reload Profiling:
	ReloadAssembly (640ms)
		BeginReloadAssembly (86ms)
			ExecutionOrderSort (0ms)
			DisableScriptedObjects (0ms)
			BackupInstance (0ms)
			ReleaseScriptingObjects (0ms)
			CreateAndSetChildDomain (1ms)
		EndReloadAssembly (459ms)
			LoadAssemblies (84ms)
			RebuildTransferFunctionScriptingTraits (0ms)
			SetupTypeCache (110ms)
			ReleaseScriptCaches (0ms)
			RebuildScriptCaches (29ms)
			SetupLoadedEditorAssemblies (273ms)
				LogAssemblyErrors (0ms)
				InitializePlatformSupportModulesInManaged (7ms)
				SetLoadedEditorAssemblies (0ms)
				RefreshPlugins (81ms)
				BeforeProcessingInitializeOnLoad (2ms)
				ProcessInitializeOnLoadAttributes (133ms)
				ProcessInitializeOnLoadMethodAttributes (50ms)
				AfterProcessingInitializeOnLoad (0ms)
				EditorAssembliesLoaded (0ms)
			ExecutionOrderSort2 (0ms)
			AwakeInstancesAfterBackupRestoration (0ms)
Platform modules already initialized, skipping
Registering precompiled user dll's ...
Registered in 0.004426 seconds.
Begin MonoManager ReloadAssembly
Symbol file LoadedFromMemory doesn't match image C:\Users\lyrax\OneDrive\Escritorio\kilimbu\Kilimbu\Diagony\Library\PackageCache\com.unity.visualscripting@1.8.0\Editor\VisualScripting.Core\Dependencies\YamlDotNet\Unity.VisualScripting.YamlDotNet.dll
Symbol file LoadedFromMemory doesn't match image C:\Users\lyrax\OneDrive\Escritorio\kilimbu\Kilimbu\Diagony\Library\PackageCache\com.unity.visualscripting@1.8.0\Editor\VisualScripting.Core\Dependencies\DotNetZip\Unity.VisualScripting.IonicZip.dll
Native extension for WindowsStandalone target not found
Refreshing native plugins compatible for Editor in 79.23 ms, found 4 plugins.
Preloading 0 native plugins for Editor in 0.00 ms.
Mono: successfully reloaded assembly
- Completed reload, in  1.059 seconds
Domain Reload Profiling:
	ReloadAssembly (1060ms)
		BeginReloadAssembly (113ms)
			ExecutionOrderSort (0ms)
			DisableScriptedObjects (5ms)
			BackupInstance (0ms)
			ReleaseScriptingObjects (0ms)
			CreateAndSetChildDomain (19ms)
		EndReloadAssembly (849ms)
			LoadAssemblies (82ms)
			RebuildTransferFunctionScriptingTraits (0ms)
			SetupTypeCache (234ms)
			ReleaseScriptCaches (0ms)
			RebuildScriptCaches (55ms)
			SetupLoadedEditorAssemblies (449ms)
				LogAssemblyErrors (0ms)
				InitializePlatformSupportModulesInManaged (5ms)
				SetLoadedEditorAssemblies (0ms)
				RefreshPlugins (79ms)
				BeforeProcessingInitializeOnLoad (84ms)
				ProcessInitializeOnLoadAttributes (237ms)
				ProcessInitializeOnLoadMethodAttributes (36ms)
				AfterProcessingInitializeOnLoad (7ms)
				EditorAssembliesLoaded (0ms)
			ExecutionOrderSort2 (0ms)
			AwakeInstancesAfterBackupRestoration (5ms)
Platform modules already initialized, skipping
========================================================================
Worker process is ready to serve import requests
Launched and connected shader compiler UnityShaderCompiler.exe after 0.04 seconds
Refreshing native plugins compatible for Editor in 0.56 ms, found 4 plugins.
Preloading 0 native plugins for Editor in 0.00 ms.
Unloading 3788 Unused Serialized files (Serialized files now loaded: 0)
Unloading 35 unused Assets / (56.5 KB). Loaded Objects now: 4251.
Memory consumption went from 146.8 MB to 146.7 MB.
Total: 3.191200 ms (FindLiveObjects: 0.227900 ms CreateObjectMapping: 0.106900 ms MarkObjects: 2.720300 ms  DeleteObjects: 0.134200 ms)

AssetImportParameters requested are different than current active one (requested -> active):
  custom:video-decoder-ogg-theora: a1e56fd34408186e4bbccfd4996cb3dc -> 
  custom:container-muxer-webm: aa71ff27fc2769a1b78a27578f13a17b -> 
  custom:container-demuxer-webm: 4f35f7cbe854078d1ac9338744f61a02 -> 
  custom:video-encoder-webm-vp8: eb34c28f22e8b96e1ab97ce403110664 -> 
  custom:video-codec-MediaFoundation-h265: 746d11721c4dcdbdad8f713fa42b33f4 -> 
  custom:audio-encoder-webm-vorbis: bf7c407c2cedff20999df2af8eb42d56 -> 
  custom:framework-win-MediaFoundation: 216162199b28c13a410421893ffa2e32 -> 
  custom:container-demuxer-ogg: 62fdf1f143b41e24485cea50d1cbac27 -> 
  custom:video-decoder-webm-vp8: 9c59270c3fd7afecdb556c50c9e8de78 -> 
  custom:audio-decoder-ogg-vorbis: bf7c407c2cedff20999df2af8eb42d56 -> 
========================================================================
Received Import Request.
  Time since last request: 714520.878847 seconds.
  path: Assets/Sprites/CombatScene/Enemigos/Ira/Attack/3.png
  artifactKey: Guid(93b7b1bccd3d3974b8daa72494155874) Importer(815301076,1909f56bfc062723c751e8b465ee728b)
Start importing Assets/Sprites/CombatScene/Enemigos/Ira/Attack/3.png using Guid(93b7b1bccd3d3974b8daa72494155874) Importer(815301076,1909f56bfc062723c751e8b465ee728b)  -> (artifact id: 'db152119e3acaa4d5720daa119e3a8be') in 0.363849 seconds 
========================================================================
Received Import Request.
  Time since last request: 0.000022 seconds.
  path: Assets/Sprites/CombatScene/Enemigos/Miedo/Attack/10.png
  artifactKey: Guid(2bf979435624d1240ba48a3dcde680f2) Importer(815301076,1909f56bfc062723c751e8b465ee728b)
Start importing Assets/Sprites/CombatScene/Enemigos/Miedo/Attack/10.png using Guid(2bf979435624d1240ba48a3dcde680f2) Importer(815301076,1909f56bfc062723c751e8b465ee728b)  -> (artifact id: '80d6dbed3ab864b7395ce96b1b0cb687') in 0.205047 seconds 
========================================================================
Received Import Request.
  Time since last request: 0.000027 seconds.
  path: Assets/Sprites/CombatScene/Protagonista/Idle/4.png
  artifactKey: Guid(b617ae3ceb962b5439cb8cfc03eb8d56) Importer(815301076,1909f56bfc062723c751e8b465ee728b)
Start importing Assets/Sprites/CombatScene/Protagonista/Idle/4.png using Guid(b617ae3ceb962b5439cb8cfc03eb8d56) Importer(815301076,1909f56bfc062723c751e8b465ee728b)  -> (artifact id: 'ef20b9d4a6d1ae345b13f21f38b97217') in 0.201351 seconds 
========================================================================
Received Import Request.
  Time since last request: 0.000025 seconds.
  path: Assets/Sprites/CombatScene/Protagonista/Atack/1.png
  artifactKey: Guid(dd9f124e99e04ca489f88448ec335115) Importer(815301076,1909f56bfc062723c751e8b465ee728b)
Start importing Assets/Sprites/CombatScene/Protagonista/Atack/1.png using Guid(dd9f124e99e04ca489f88448ec335115) Importer(815301076,1909f56bfc062723c751e8b465ee728b)  -> (artifact id: '6570ff0f0411257c9810b272d410a235') in 0.223658 seconds 
========================================================================
Received Import Request.
  Time since last request: 0.000024 seconds.
  path: Assets/Sprites/CombatScene/Enemigos/Miedo/Idle/6.png
  artifactKey: Guid(9b75cf33fb6a86949b6a6e4145350541) Importer(815301076,1909f56bfc062723c751e8b465ee728b)
Start importing Assets/Sprites/CombatScene/Enemigos/Miedo/Idle/6.png using Guid(9b75cf33fb6a86949b6a6e4145350541) Importer(815301076,1909f56bfc062723c751e8b465ee728b)  -> (artifact id: '72cca3b7385d37945153d15b4fb51290') in 0.191216 seconds 
========================================================================
Received Import Request.
  Time since last request: 0.000019 seconds.
  path: Assets/Sprites/CombatScene/Protagonista/Atack/9.png
  artifactKey: Guid(1761ed41b427c3742ab339ab62ef06b8) Importer(815301076,1909f56bfc062723c751e8b465ee728b)
Start importing Assets/Sprites/CombatScene/Protagonista/Atack/9.png using Guid(1761ed41b427c3742ab339ab62ef06b8) Importer(815301076,1909f56bfc062723c751e8b465ee728b)  -> (artifact id: '17d883471c25109db7b1e3e15b961c8a') in 0.188292 seconds 
========================================================================
Received Import Request.
  Time since last request: 0.000027 seconds.
  path: Assets/Sprites/CombatScene/Enemigos/Tristeza/Idle/6.png
  artifactKey: Guid(e476a70c939b8de42a104767e1259f08) Importer(815301076,1909f56bfc062723c751e8b465ee728b)
Start importing Assets/Sprites/CombatScene/Enemigos/Tristeza/Idle/6.png using Guid(e476a70c939b8de42a104767e1259f08) Importer(815301076,1909f56bfc062723c751e8b465ee728b)  -> (artifact id: '673e16ddda3719f7f1a885d20abb79ae') in 0.177988 seconds 
========================================================================
Received Import Request.
  Time since last request: 0.000032 seconds.
  path: Assets/Sprites/CombatScene/Enemigos/Ira/Danyo/5.png
  artifactKey: Guid(46fe9fe8279a11e4195b6c167981f370) Importer(815301076,1909f56bfc062723c751e8b465ee728b)
Start importing Assets/Sprites/CombatScene/Enemigos/Ira/Danyo/5.png using Guid(46fe9fe8279a11e4195b6c167981f370) Importer(815301076,1909f56bfc062723c751e8b465ee728b)  -> (artifact id: 'fbb4de4e0c75161678b226c15d135f07') in 0.176141 seconds 
========================================================================
Received Import Request.
  Time since last request: 0.000017 seconds.
  path: Assets/Sprites/CombatScene/Protagonista/Danyo/8.png
  artifactKey: Guid(b8f262b31ace5ea46ae6e9bf8701b1f7) Importer(815301076,1909f56bfc062723c751e8b465ee728b)
Start importing Assets/Sprites/CombatScene/Protagonista/Danyo/8.png using Guid(b8f262b31ace5ea46ae6e9bf8701b1f7) Importer(815301076,1909f56bfc062723c751e8b465ee728b)  -> (artifact id: '2713b897ae71f1f3a32775e069efe44d') in 0.186203 seconds 
========================================================================
Received Import Request.
  Time since last request: 0.000024 seconds.
  path: Assets/Sprites/CombatScene/Enemigos/Ira/Attack/10.png
  artifactKey: Guid(eb88c58620d089e43b087c126a3b1be5) Importer(815301076,1909f56bfc062723c751e8b465ee728b)
Start importing Assets/Sprites/CombatScene/Enemigos/Ira/Attack/10.png using Guid(eb88c58620d089e43b087c126a3b1be5) Importer(815301076,1909f56bfc062723c751e8b465ee728b)  -> (artifact id: '1655c8d9535e048c54b9ff695a7b6716') in 0.163522 seconds 
========================================================================
Received Import Request.
  Time since last request: 0.000025 seconds.
  path: Assets/Sprites/CombatScene/Enemigos/Miedo/Danyo/6.png
  artifactKey: Guid(19b00ee6e70068142849d8cdd87b4f9d) Importer(815301076,1909f56bfc062723c751e8b465ee728b)
Start importing Assets/Sprites/CombatScene/Enemigos/Miedo/Danyo/6.png using Guid(19b00ee6e70068142849d8cdd87b4f9d) Importer(815301076,1909f56bfc062723c751e8b465ee728b)  -> (artifact id: 'a4a978345f07bed1d501805509a3968c') in 0.164554 seconds 
========================================================================
Received Import Request.
  Time since last request: 0.000036 seconds.
  path: Assets/Sprites/CombatScene/Enemigos/Ira/Attack/4.png
  artifactKey: Guid(21ca0786da3e0e149a306baeed9af855) Importer(815301076,1909f56bfc062723c751e8b465ee728b)
Start importing Assets/Sprites/CombatScene/Enemigos/Ira/Attack/4.png using Guid(21ca0786da3e0e149a306baeed9af855) Importer(815301076,1909f56bfc062723c751e8b465ee728b)  -> (artifact id: '0f84dcbbc75e1fcff36be9b433e59c55') in 0.173282 seconds 
========================================================================
Received Import Request.
  Time since last request: 0.000024 seconds.
  path: Assets/Sprites/CombatScene/Enemigos/Miedo/Idle/5.png
  artifactKey: Guid(4cb8f2ba77207ae4fa008af17d0f96e1) Importer(815301076,1909f56bfc062723c751e8b465ee728b)
Start importing Assets/Sprites/CombatScene/Enemigos/Miedo/Idle/5.png using Guid(4cb8f2ba77207ae4fa008af17d0f96e1) Importer(815301076,1909f56bfc062723c751e8b465ee728b)  -> (artifact id: '21f665ad15d6105c328153608fd95fee') in 0.160880 seconds 
========================================================================
Received Import Request.
  Time since last request: 0.000025 seconds.
  path: Assets/Sprites/CombatScene/Enemigos/Tristeza/Attack/10.png
  artifactKey: Guid(fdaad663b2f7b4b44b8b8018999e731f) Importer(815301076,1909f56bfc062723c751e8b465ee728b)
Start importing Assets/Sprites/CombatScene/Enemigos/Tristeza/Attack/10.png using Guid(fdaad663b2f7b4b44b8b8018999e731f) Importer(815301076,1909f56bfc062723c751e8b465ee728b)  -> (artifact id: '33caa48c1acec05a1e82bded15855e9c') in 0.148505 seconds 
========================================================================
Received Import Request.
  Time since last request: 0.000018 seconds.
  path: Assets/Sprites/CombatScene/Enemigos/Miedo/Idle/9.png
  artifactKey: Guid(a173274015f288e4980382b7e120f4b4) Importer(815301076,1909f56bfc062723c751e8b465ee728b)
Start importing Assets/Sprites/CombatScene/Enemigos/Miedo/Idle/9.png using Guid(a173274015f288e4980382b7e120f4b4) Importer(815301076,1909f56bfc062723c751e8b465ee728b)  -> (artifact id: '1ea3dc8608111ecae1c1b6c9898a1011') in 0.157082 seconds 
========================================================================
Received Import Request.
  Time since last request: 0.000024 seconds.
  path: Assets/Sprites/CombatScene/Enemigos/Tristeza/Danyo/7.png
  artifactKey: Guid(3257397c2185bfc49821224ac91d70c9) Importer(815301076,1909f56bfc062723c751e8b465ee728b)
Start importing Assets/Sprites/CombatScene/Enemigos/Tristeza/Danyo/7.png using Guid(3257397c2185bfc49821224ac91d70c9) Importer(815301076,1909f56bfc062723c751e8b465ee728b)  -> (artifact id: 'd59d6df61b26f42d32b12f79550625bc') in 0.164678 seconds 
========================================================================
Received Import Request.
  Time since last request: 360.976962 seconds.
  path: Assets/TextMesh Pro/Resources/myFonts/Fredoka-Bold SDF.asset
  artifactKey: Guid(2b221330dcbd29944b24e7c88a81334e) Importer(815301076,1909f56bfc062723c751e8b465ee728b)
Start importing Assets/TextMesh Pro/Resources/myFonts/Fredoka-Bold SDF.asset using Guid(2b221330dcbd29944b24e7c88a81334e) Importer(815301076,1909f56bfc062723c751e8b465ee728b)  -> (artifact id: '27de075fd2f46eb10f76a60e8abb7d40') in 0.093607 seconds 
========================================================================
Received Import Request.
  Time since last request: 0.000030 seconds.
  path: Assets/TextMesh Pro/Resources/myFonts/Fredoka-SemiBold SDF.asset
  artifactKey: Guid(65068cdc203e43a45ba9bdce4e145109) Importer(815301076,1909f56bfc062723c751e8b465ee728b)
Start importing Assets/TextMesh Pro/Resources/myFonts/Fredoka-SemiBold SDF.asset using Guid(65068cdc203e43a45ba9bdce4e145109) Importer(815301076,1909f56bfc062723c751e8b465ee728b)  -> (artifact id: 'cbb374e11a5a64de247e25dec9e8a7f2') in 0.034110 seconds 
========================================================================
Received Import Request.
  Time since last request: 0.000020 seconds.
  path: Assets/TextMesh Pro/Resources/myFonts/Fredoka-Light SDF.asset
  artifactKey: Guid(d6ae1f6ef4ff4e74d98a32dafc081e89) Importer(815301076,1909f56bfc062723c751e8b465ee728b)
Start importing Assets/TextMesh Pro/Resources/myFonts/Fredoka-Light SDF.asset using Guid(d6ae1f6ef4ff4e74d98a32dafc081e89) Importer(815301076,1909f56bfc062723c751e8b465ee728b)  -> (artifact id: '516e563d5f3dfd28bdf0161ed3133415') in 0.031489 seconds 
========================================================================
Received Import Request.
  Time since last request: 0.000016 seconds.
  path: Assets/TextMesh Pro/Resources/myFonts/Fredoka_Condensed-Bold SDF.asset
  artifactKey: Guid(4ac38100d52d2d345aadff7ddc4b2853) Importer(815301076,1909f56bfc062723c751e8b465ee728b)
Start importing Assets/TextMesh Pro/Resources/myFonts/Fredoka_Condensed-Bold SDF.asset using Guid(4ac38100d52d2d345aadff7ddc4b2853) Importer(815301076,1909f56bfc062723c751e8b465ee728b)  -> (artifact id: 'ef7b169bad81807dffe15ba50a270a57') in 0.033046 seconds 
========================================================================
Received Import Request.
  Time since last request: 0.000034 seconds.
  path: Assets/TextMesh Pro/Resources/myFonts/Fredoka_Condensed-Medium SDF.asset
  artifactKey: Guid(636e4006a40a41248b4be734bf01b6cb) Importer(815301076,1909f56bfc062723c751e8b465ee728b)
Start importing Assets/TextMesh Pro/Resources/myFonts/Fredoka_Condensed-Medium SDF.asset using Guid(636e4006a40a41248b4be734bf01b6cb) Importer(815301076,1909f56bfc062723c751e8b465ee728b)  -> (artifact id: '9cfb7145af0a1ee33fd260eae64846c9') in 0.027271 seconds 
========================================================================
Received Import Request.
  Time since last request: 0.000025 seconds.
  path: Assets/TextMesh Pro/Resources/myFonts/Fredoka-Medium SDF.asset
  artifactKey: Guid(9ccaed279af817249991a231778f6438) Importer(815301076,1909f56bfc062723c751e8b465ee728b)
Start importing Assets/TextMesh Pro/Resources/myFonts/Fredoka-Medium SDF.asset using Guid(9ccaed279af817249991a231778f6438) Importer(815301076,1909f56bfc062723c751e8b465ee728b)  -> (artifact id: '4ee964138cf0e7e4d14b8effd7ee245f') in 0.030772 seconds 
========================================================================
Received Import Request.
  Time since last request: 0.000020 seconds.
  path: Assets/TextMesh Pro/Resources/myFonts/Fredoka_Condensed-Light SDF.asset
  artifactKey: Guid(deda1d9f8dcfe0c41bdfb89683af4312) Importer(815301076,1909f56bfc062723c751e8b465ee728b)
Start importing Assets/TextMesh Pro/Resources/myFonts/Fredoka_Condensed-Light SDF.asset using Guid(deda1d9f8dcfe0c41bdfb89683af4312) Importer(815301076,1909f56bfc062723c751e8b465ee728b)  -> (artifact id: 'b3d9a2eaf0e2bfe23517c2b38e57ed21') in 0.041835 seconds 
Editor requested this worker to shutdown with reason: Scaling down because of idle timeout
AssetImportWorker is now disconnected from the server
Process exiting
Exiting without the bug reporter. Application will terminate with return code 0