Using pre-set license
Built from '2021.3/staging' branch; Version is '2021.3.22f1 (b6c551784ba3) revision 11978065'; Using compiler version '192829333'; Build Type 'Release'
OS: 'Windows 11  (10.0.22621) 64bit Core' Language: 'es' Physical Memory: 16005 MB
BatchMode: 1, IsHumanControllingUs: 0, StartBugReporterOnCrash: 0, Is64bit: 1, IsPro: 1

COMMAND LINE ARGUMENTS:
C:\Program Files\Unity\Hub\Editor\2021.3.22f1\Editor\Unity.exe
-adb2
-batchMode
-noUpm
-name
AssetImportWorker3
-projectPath
C:/Users/lyrax/OneDrive/Escritorio/kilimbu/Kilimbu/Diagony
-logFile
Logs/AssetImportWorker3.log
-srvPort
59581
Successfully changed project path to: C:/Users/lyrax/OneDrive/Escritorio/kilimbu/Kilimbu/Diagony
C:/Users/lyrax/OneDrive/Escritorio/kilimbu/Kilimbu/Diagony
[UnityMemory] Configuration Parameters - Can be set up in boot.config
    "memorysetup-bucket-allocator-granularity=16"
    "memorysetup-bucket-allocator-bucket-count=8"
    "memorysetup-bucket-allocator-block-size=33554432"
    "memorysetup-bucket-allocator-block-count=8"
    "memorysetup-main-allocator-block-size=16777216"
    "memorysetup-thread-allocator-block-size=16777216"
    "memorysetup-gfx-main-allocator-block-size=16777216"
    "memorysetup-gfx-thread-allocator-block-size=16777216"
    "memorysetup-cache-allocator-block-size=4194304"
    "memorysetup-typetree-allocator-block-size=2097152"
    "memorysetup-profiler-bucket-allocator-granularity=16"
    "memorysetup-profiler-bucket-allocator-bucket-count=8"
    "memorysetup-profiler-bucket-allocator-block-size=33554432"
    "memorysetup-profiler-bucket-allocator-block-count=8"
    "memorysetup-profiler-allocator-block-size=16777216"
    "memorysetup-profiler-editor-allocator-block-size=1048576"
    "memorysetup-temp-allocator-size-main=16777216"
    "memorysetup-job-temp-allocator-block-size=2097152"
    "memorysetup-job-temp-allocator-block-size-background=1048576"
    "memorysetup-job-temp-allocator-reduction-small-platforms=262144"
    "memorysetup-temp-allocator-size-background-worker=32768"
    "memorysetup-temp-allocator-size-job-worker=262144"
    "memorysetup-temp-allocator-size-preload-manager=33554432"
    "memorysetup-temp-allocator-size-nav-mesh-worker=65536"
    "memorysetup-temp-allocator-size-audio-worker=65536"
    "memorysetup-temp-allocator-size-cloud-worker=32768"
    "memorysetup-temp-allocator-size-gi-baking-worker=262144"
    "memorysetup-temp-allocator-size-gfx=262144"
Player connection [12088] Host "[IP] 192.168.0.33 [Port] 0 [Flags] 2 [Guid] 2779739236 [EditorId] 2779739236 [Version] 1048832 [Id] WindowsEditor(7,yu) [Debug] 1 [PackageName] WindowsEditor [ProjectName] Editor" joined multi-casting on [225.0.0.222:54997]...

Player connection [12088] Host "[IP] 192.168.0.33 [Port] 0 [Flags] 2 [Guid] 2779739236 [EditorId] 2779739236 [Version] 1048832 [Id] WindowsEditor(7,yu) [Debug] 1 [PackageName] WindowsEditor [ProjectName] Editor" joined alternative multi-casting on [225.0.0.222:34997]...

Refreshing native plugins compatible for Editor in 69.72 ms, found 4 plugins.
Preloading 0 native plugins for Editor in 0.00 ms.
Initialize engine version: 2021.3.22f1 (b6c551784ba3)
[Subsystems] Discovering subsystems at path C:/Program Files/Unity/Hub/Editor/2021.3.22f1/Editor/Data/Resources/UnitySubsystems
[Subsystems] Discovering subsystems at path C:/Users/lyrax/OneDrive/Escritorio/kilimbu/Kilimbu/Diagony/Assets
GfxDevice: creating device client; threaded=0; jobified=0
Direct3D:
    Version:  Direct3D 11.0 [level 11.1]
    Renderer: NVIDIA GeForce RTX 3060 Laptop GPU (ID=0x2520)
    Vendor:   NVIDIA
    VRAM:     6023 MB
    Driver:   30.0.15.1278
Initialize mono
Mono path[0] = 'C:/Program Files/Unity/Hub/Editor/2021.3.22f1/Editor/Data/Managed'
Mono path[1] = 'C:/Program Files/Unity/Hub/Editor/2021.3.22f1/Editor/Data/MonoBleedingEdge/lib/mono/unityjit-win32'
Mono config path = 'C:/Program Files/Unity/Hub/Editor/2021.3.22f1/Editor/Data/MonoBleedingEdge/etc'
Using monoOptions --debugger-agent=transport=dt_socket,embedding=1,server=y,suspend=n,address=127.0.0.1:56176
Begin MonoManager ReloadAssembly
Registering precompiled unity dll's ...
Register platform support module: C:/Program Files/Unity/Hub/Editor/2021.3.22f1/Editor/Data/PlaybackEngines/WindowsStandaloneSupport/UnityEditor.WindowsStandalone.Extensions.dll
Registered in 0.003829 seconds.
Native extension for WindowsStandalone target not found
Refreshing native plugins compatible for Editor in 65.01 ms, found 4 plugins.
Preloading 0 native plugins for Editor in 0.00 ms.
Mono: successfully reloaded assembly
- Completed reload, in  0.513 seconds
Domain Reload Profiling:
	ReloadAssembly (514ms)
		BeginReloadAssembly (69ms)
			ExecutionOrderSort (0ms)
			DisableScriptedObjects (0ms)
			BackupInstance (0ms)
			ReleaseScriptingObjects (0ms)
			CreateAndSetChildDomain (1ms)
		EndReloadAssembly (371ms)
			LoadAssemblies (67ms)
			RebuildTransferFunctionScriptingTraits (0ms)
			SetupTypeCache (87ms)
			ReleaseScriptCaches (0ms)
			RebuildScriptCaches (24ms)
			SetupLoadedEditorAssemblies (219ms)
				LogAssemblyErrors (0ms)
				InitializePlatformSupportModulesInManaged (6ms)
				SetLoadedEditorAssemblies (0ms)
				RefreshPlugins (65ms)
				BeforeProcessingInitializeOnLoad (1ms)
				ProcessInitializeOnLoadAttributes (112ms)
				ProcessInitializeOnLoadMethodAttributes (34ms)
				AfterProcessingInitializeOnLoad (0ms)
				EditorAssembliesLoaded (0ms)
			ExecutionOrderSort2 (0ms)
			AwakeInstancesAfterBackupRestoration (0ms)
Platform modules already initialized, skipping
Registering precompiled user dll's ...
Registered in 0.003648 seconds.
Begin MonoManager ReloadAssembly
Symbol file LoadedFromMemory doesn't match image C:\Users\lyrax\OneDrive\Escritorio\kilimbu\Kilimbu\Diagony\Library\PackageCache\com.unity.visualscripting@1.8.0\Editor\VisualScripting.Core\Dependencies\YamlDotNet\Unity.VisualScripting.YamlDotNet.dll
Symbol file LoadedFromMemory doesn't match image C:\Users\lyrax\OneDrive\Escritorio\kilimbu\Kilimbu\Diagony\Library\PackageCache\com.unity.visualscripting@1.8.0\Editor\VisualScripting.Core\Dependencies\DotNetZip\Unity.VisualScripting.IonicZip.dll
Native extension for WindowsStandalone target not found
Refreshing native plugins compatible for Editor in 60.58 ms, found 4 plugins.
Preloading 0 native plugins for Editor in 0.00 ms.
Mono: successfully reloaded assembly
- Completed reload, in  0.804 seconds
Domain Reload Profiling:
	ReloadAssembly (805ms)
		BeginReloadAssembly (87ms)
			ExecutionOrderSort (0ms)
			DisableScriptedObjects (4ms)
			BackupInstance (0ms)
			ReleaseScriptingObjects (0ms)
			CreateAndSetChildDomain (17ms)
		EndReloadAssembly (640ms)
			LoadAssemblies (66ms)
			RebuildTransferFunctionScriptingTraits (0ms)
			SetupTypeCache (168ms)
			ReleaseScriptCaches (0ms)
			RebuildScriptCaches (43ms)
			SetupLoadedEditorAssemblies (335ms)
				LogAssemblyErrors (0ms)
				InitializePlatformSupportModulesInManaged (3ms)
				SetLoadedEditorAssemblies (0ms)
				RefreshPlugins (61ms)
				BeforeProcessingInitializeOnLoad (67ms)
				ProcessInitializeOnLoadAttributes (173ms)
				ProcessInitializeOnLoadMethodAttributes (27ms)
				AfterProcessingInitializeOnLoad (3ms)
				EditorAssembliesLoaded (0ms)
			ExecutionOrderSort2 (0ms)
			AwakeInstancesAfterBackupRestoration (4ms)
Platform modules already initialized, skipping
========================================================================
Worker process is ready to serve import requests
Launched and connected shader compiler UnityShaderCompiler.exe after 0.03 seconds
Refreshing native plugins compatible for Editor in 0.56 ms, found 4 plugins.
Preloading 0 native plugins for Editor in 0.00 ms.
Unloading 3770 Unused Serialized files (Serialized files now loaded: 0)
Unloading 35 unused Assets / (56.1 KB). Loaded Objects now: 4231.
Memory consumption went from 145.9 MB to 145.8 MB.
Total: 3.187200 ms (FindLiveObjects: 0.283600 ms CreateObjectMapping: 0.188500 ms MarkObjects: 2.628100 ms  DeleteObjects: 0.085500 ms)

AssetImportParameters requested are different than current active one (requested -> active):
  custom:video-decoder-ogg-theora: a1e56fd34408186e4bbccfd4996cb3dc -> 
  custom:container-muxer-webm: aa71ff27fc2769a1b78a27578f13a17b -> 
  custom:container-demuxer-webm: 4f35f7cbe854078d1ac9338744f61a02 -> 
  custom:video-encoder-webm-vp8: eb34c28f22e8b96e1ab97ce403110664 -> 
  custom:video-codec-MediaFoundation-h265: 746d11721c4dcdbdad8f713fa42b33f4 -> 
  custom:audio-encoder-webm-vorbis: bf7c407c2cedff20999df2af8eb42d56 -> 
  custom:framework-win-MediaFoundation: 216162199b28c13a410421893ffa2e32 -> 
  custom:container-demuxer-ogg: 62fdf1f143b41e24485cea50d1cbac27 -> 
  custom:video-decoder-webm-vp8: 9c59270c3fd7afecdb556c50c9e8de78 -> 
  custom:audio-decoder-ogg-vorbis: bf7c407c2cedff20999df2af8eb42d56 -> 
========================================================================
Received Import Request.
  Time since last request: 282912.372647 seconds.
  path: Assets/Sprites/Protagonista/Danyo/5.png
  artifactKey: Guid(4598a6cfa13fc1a4eb69e61e11c5b2ca) Importer(815301076,1909f56bfc062723c751e8b465ee728b)
Start importing Assets/Sprites/Protagonista/Danyo/5.png using Guid(4598a6cfa13fc1a4eb69e61e11c5b2ca) Importer(815301076,1909f56bfc062723c751e8b465ee728b)  -> (artifact id: '21d25852a11d6df5192f2b71091e22d8') in 0.346739 seconds 
========================================================================
Received Import Request.
  Time since last request: 0.000030 seconds.
  path: Assets/Sprites/Protagonista/Danyo/6.png
  artifactKey: Guid(201d1b94e501c9042a0d60f53563e855) Importer(815301076,1909f56bfc062723c751e8b465ee728b)
Start importing Assets/Sprites/Protagonista/Danyo/6.png using Guid(201d1b94e501c9042a0d60f53563e855) Importer(815301076,1909f56bfc062723c751e8b465ee728b)  -> (artifact id: '53276f27bc54a78c686d4ad7b6d55a67') in 0.169360 seconds 
========================================================================
Received Import Request.
  Time since last request: 8.444009 seconds.
  path: Assets/Sprites/Protagonista/Danyo/5.png
  artifactKey: Guid(4598a6cfa13fc1a4eb69e61e11c5b2ca) Importer(815301076,1909f56bfc062723c751e8b465ee728b)
Start importing Assets/Sprites/Protagonista/Danyo/5.png using Guid(4598a6cfa13fc1a4eb69e61e11c5b2ca) Importer(815301076,1909f56bfc062723c751e8b465ee728b)  -> (artifact id: '8e5a1372cd5b1e7446c17971092d3910') in 0.175363 seconds 
========================================================================
Received Import Request.
  Time since last request: 0.000028 seconds.
  path: Assets/Sprites/Protagonista/Danyo/9.png
  artifactKey: Guid(78ae5d4f941af204590185713ab2729a) Importer(815301076,1909f56bfc062723c751e8b465ee728b)
Start importing Assets/Sprites/Protagonista/Danyo/9.png using Guid(78ae5d4f941af204590185713ab2729a) Importer(815301076,1909f56bfc062723c751e8b465ee728b)  -> (artifact id: 'ccf024f576303c97b91a4dee064c5d7e') in 0.177864 seconds 
========================================================================
Received Import Request.
  Time since last request: 1.454203 seconds.
  path: Assets/Sprites/Protagonista/Atack/5.png
  artifactKey: Guid(27b9f8f3ee530cf4d98df192df29e325) Importer(815301076,1909f56bfc062723c751e8b465ee728b)
Start importing Assets/Sprites/Protagonista/Atack/5.png using Guid(27b9f8f3ee530cf4d98df192df29e325) Importer(815301076,1909f56bfc062723c751e8b465ee728b)  -> (artifact id: 'bd643342875fa04539c4f7ebc3dede7e') in 0.280411 seconds 
========================================================================
Received Import Request.
  Time since last request: 7.064825 seconds.
  path: Assets/Sprites/Protagonista/Atack/5.png
  artifactKey: Guid(27b9f8f3ee530cf4d98df192df29e325) Importer(815301076,1909f56bfc062723c751e8b465ee728b)
Start importing Assets/Sprites/Protagonista/Atack/5.png using Guid(27b9f8f3ee530cf4d98df192df29e325) Importer(815301076,1909f56bfc062723c751e8b465ee728b)  -> (artifact id: '076908058cfacd6e9dbdd6f7b9573e3b') in 0.242704 seconds 
========================================================================
Received Import Request.
  Time since last request: 4.542372 seconds.
  path: Assets/Sprites/Enemigos/Ira/Idle/5.png
  artifactKey: Guid(f80c14c7e8897fc48b84d3a55e59a08f) Importer(815301076,1909f56bfc062723c751e8b465ee728b)
Start importing Assets/Sprites/Enemigos/Ira/Idle/5.png using Guid(f80c14c7e8897fc48b84d3a55e59a08f) Importer(815301076,1909f56bfc062723c751e8b465ee728b)  -> (artifact id: '9c5eb71306c25fae3a83657fadc06fc6') in 0.195031 seconds 
========================================================================
Received Import Request.
  Time since last request: 6.296387 seconds.
  path: Assets/Sprites/Enemigos/Ira/Idle/5.png
  artifactKey: Guid(f80c14c7e8897fc48b84d3a55e59a08f) Importer(815301076,1909f56bfc062723c751e8b465ee728b)
Start importing Assets/Sprites/Enemigos/Ira/Idle/5.png using Guid(f80c14c7e8897fc48b84d3a55e59a08f) Importer(815301076,1909f56bfc062723c751e8b465ee728b)  -> (artifact id: 'a72d8634b7d0b90411f8bf53f9cb6bf2') in 0.209679 seconds 
========================================================================
Received Import Request.
  Time since last request: 3.127685 seconds.
  path: Assets/Sprites/Enemigos/Miedo/Idle/5.png
  artifactKey: Guid(4cb8f2ba77207ae4fa008af17d0f96e1) Importer(815301076,1909f56bfc062723c751e8b465ee728b)
Start importing Assets/Sprites/Enemigos/Miedo/Idle/5.png using Guid(4cb8f2ba77207ae4fa008af17d0f96e1) Importer(815301076,1909f56bfc062723c751e8b465ee728b)  -> (artifact id: 'dc3ba5a71d373a917142ce033a3df91e') in 0.265705 seconds 
========================================================================
Received Import Request.
  Time since last request: 0.000048 seconds.
  path: Assets/Sprites/Enemigos/Miedo/Idle/11.png
  artifactKey: Guid(30f004adbf2b1914c913a18bc5b7245f) Importer(815301076,1909f56bfc062723c751e8b465ee728b)
Start importing Assets/Sprites/Enemigos/Miedo/Idle/11.png using Guid(30f004adbf2b1914c913a18bc5b7245f) Importer(815301076,1909f56bfc062723c751e8b465ee728b)  -> (artifact id: '926f1bfcadc1467fa1d3924f280c27bf') in 0.141956 seconds 
========================================================================
Received Import Request.
  Time since last request: 8.006767 seconds.
  path: Assets/Sprites/Enemigos/Miedo/Idle/5.png
  artifactKey: Guid(4cb8f2ba77207ae4fa008af17d0f96e1) Importer(815301076,1909f56bfc062723c751e8b465ee728b)
Start importing Assets/Sprites/Enemigos/Miedo/Idle/5.png using Guid(4cb8f2ba77207ae4fa008af17d0f96e1) Importer(815301076,1909f56bfc062723c751e8b465ee728b)  -> (artifact id: 'f7e08b12f91165382ee15e06eacd6bc8') in 0.212249 seconds 
========================================================================
Received Import Request.
  Time since last request: 0.000048 seconds.
  path: Assets/Sprites/Enemigos/Miedo/Idle/10.png
  artifactKey: Guid(66577608d8c2343449b24b0e6e530751) Importer(815301076,1909f56bfc062723c751e8b465ee728b)
Start importing Assets/Sprites/Enemigos/Miedo/Idle/10.png using Guid(66577608d8c2343449b24b0e6e530751) Importer(815301076,1909f56bfc062723c751e8b465ee728b)  -> (artifact id: '23dbfe45157b2d7a1192e4ed24ff2634') in 0.154672 seconds 
========================================================================
Received Import Request.
  Time since last request: 2.475894 seconds.
  path: Assets/Sprites/Enemigos/Tristeza/Danyo/5.png
  artifactKey: Guid(706e660b3f1d698458dd5431d7749a22) Importer(815301076,1909f56bfc062723c751e8b465ee728b)
Start importing Assets/Sprites/Enemigos/Tristeza/Danyo/5.png using Guid(706e660b3f1d698458dd5431d7749a22) Importer(815301076,1909f56bfc062723c751e8b465ee728b)  -> (artifact id: '1d6e43e127c8c5f87bc478d8b8063232') in 0.280529 seconds 
========================================================================
Received Import Request.
  Time since last request: 6.685358 seconds.
  path: Assets/Sprites/Enemigos/Tristeza/Danyo/5.png
  artifactKey: Guid(706e660b3f1d698458dd5431d7749a22) Importer(815301076,1909f56bfc062723c751e8b465ee728b)
Start importing Assets/Sprites/Enemigos/Tristeza/Danyo/5.png using Guid(706e660b3f1d698458dd5431d7749a22) Importer(815301076,1909f56bfc062723c751e8b465ee728b)  -> (artifact id: '3f7e2b7b2e7a4a8181aab4c0233fb745') in 0.156689 seconds 
========================================================================
Received Import Request.
  Time since last request: 0.000022 seconds.
  path: Assets/Sprites/Enemigos/Tristeza/Danyo/8.png
  artifactKey: Guid(81a42312a9df89c46aa03077ec7b120c) Importer(815301076,1909f56bfc062723c751e8b465ee728b)
Start importing Assets/Sprites/Enemigos/Tristeza/Danyo/8.png using Guid(81a42312a9df89c46aa03077ec7b120c) Importer(815301076,1909f56bfc062723c751e8b465ee728b)  -> (artifact id: '03ff3db911cac5c4b8e76fae4f1f203c') in 0.131237 seconds 
========================================================================
Received Import Request.
  Time since last request: 1.925207 seconds.
  path: Assets/Sprites/Enemigos/Tristeza/Idle/5.png
  artifactKey: Guid(6a489e9d105c60f44a840bf4862f1d98) Importer(815301076,1909f56bfc062723c751e8b465ee728b)
Start importing Assets/Sprites/Enemigos/Tristeza/Idle/5.png using Guid(6a489e9d105c60f44a840bf4862f1d98) Importer(815301076,1909f56bfc062723c751e8b465ee728b)  -> (artifact id: 'd6ad0d368bfa3d031f16b07c4bb86a8f') in 0.269733 seconds 
========================================================================
Received Import Request.
  Time since last request: 6.736729 seconds.
  path: Assets/Sprites/Enemigos/Tristeza/Idle/5.png
  artifactKey: Guid(6a489e9d105c60f44a840bf4862f1d98) Importer(815301076,1909f56bfc062723c751e8b465ee728b)
Start importing Assets/Sprites/Enemigos/Tristeza/Idle/5.png using Guid(6a489e9d105c60f44a840bf4862f1d98) Importer(815301076,1909f56bfc062723c751e8b465ee728b)  -> (artifact id: '637ec95f5c8463b01f4ea7bf8a65505c') in 0.289054 seconds 
Editor requested this worker to shutdown with reason: Scaling down because of idle timeout
AssetImportWorkerClient::OnTransportError - code=2 error=End of file
AssetImportWorker is now disconnected from the server
Process exiting
Exiting without the bug reporter. Application will terminate with return code 0