Using pre-set license
Built from '2021.3/staging' branch; Version is '2021.3.22f1 (b6c551784ba3) revision 11978065'; Using compiler version '192829333'; Build Type 'Release'
OS: 'Windows 11  (10.0.22631) 64bit Core' Language: 'es' Physical Memory: 16004 MB
BatchMode: 1, IsHumanControllingUs: 0, StartBugReporterOnCrash: 0, Is64bit: 1, IsPro: 1

COMMAND LINE ARGUMENTS:
C:\Program Files\Unity\Hub\Editor\2021.3.22f1\Editor\Unity.exe
-adb2
-batchMode
-noUpm
-name
AssetImportWorker9
-projectPath
C:/Users/lyrax/OneDrive/Escritorio/kilimbu/Kilimbu/Diagony
-logFile
Logs/AssetImportWorker9.log
-srvPort
65373
Successfully changed project path to: C:/Users/lyrax/OneDrive/Escritorio/kilimbu/Kilimbu/Diagony
C:/Users/lyrax/OneDrive/Escritorio/kilimbu/Kilimbu/Diagony
[UnityMemory] Configuration Parameters - Can be set up in boot.config
    "memorysetup-bucket-allocator-granularity=16"
    "memorysetup-bucket-allocator-bucket-count=8"
    "memorysetup-bucket-allocator-block-size=33554432"
    "memorysetup-bucket-allocator-block-count=8"
    "memorysetup-main-allocator-block-size=16777216"
    "memorysetup-thread-allocator-block-size=16777216"
    "memorysetup-gfx-main-allocator-block-size=16777216"
    "memorysetup-gfx-thread-allocator-block-size=16777216"
    "memorysetup-cache-allocator-block-size=4194304"
    "memorysetup-typetree-allocator-block-size=2097152"
    "memorysetup-profiler-bucket-allocator-granularity=16"
    "memorysetup-profiler-bucket-allocator-bucket-count=8"
    "memorysetup-profiler-bucket-allocator-block-size=33554432"
    "memorysetup-profiler-bucket-allocator-block-count=8"
    "memorysetup-profiler-allocator-block-size=16777216"
    "memorysetup-profiler-editor-allocator-block-size=1048576"
    "memorysetup-temp-allocator-size-main=16777216"
    "memorysetup-job-temp-allocator-block-size=2097152"
    "memorysetup-job-temp-allocator-block-size-background=1048576"
    "memorysetup-job-temp-allocator-reduction-small-platforms=262144"
    "memorysetup-temp-allocator-size-background-worker=32768"
    "memorysetup-temp-allocator-size-job-worker=262144"
    "memorysetup-temp-allocator-size-preload-manager=33554432"
    "memorysetup-temp-allocator-size-nav-mesh-worker=65536"
    "memorysetup-temp-allocator-size-audio-worker=65536"
    "memorysetup-temp-allocator-size-cloud-worker=32768"
    "memorysetup-temp-allocator-size-gi-baking-worker=262144"
    "memorysetup-temp-allocator-size-gfx=262144"
Player connection [13324] Host "[IP] 192.168.1.66 [Port] 0 [Flags] 2 [Guid] 1420265889 [EditorId] 1420265889 [Version] 1048832 [Id] WindowsEditor(7,yu) [Debug] 1 [PackageName] WindowsEditor [ProjectName] Editor" joined multi-casting on [225.0.0.222:54997]...

Player connection [13324] Host "[IP] 192.168.1.66 [Port] 0 [Flags] 2 [Guid] 1420265889 [EditorId] 1420265889 [Version] 1048832 [Id] WindowsEditor(7,yu) [Debug] 1 [PackageName] WindowsEditor [ProjectName] Editor" joined alternative multi-casting on [225.0.0.222:34997]...

Refreshing native plugins compatible for Editor in 75.23 ms, found 4 plugins.
Preloading 0 native plugins for Editor in 0.00 ms.
Initialize engine version: 2021.3.22f1 (b6c551784ba3)
[Subsystems] Discovering subsystems at path C:/Program Files/Unity/Hub/Editor/2021.3.22f1/Editor/Data/Resources/UnitySubsystems
[Subsystems] Discovering subsystems at path C:/Users/lyrax/OneDrive/Escritorio/kilimbu/Kilimbu/Diagony/Assets
GfxDevice: creating device client; threaded=0; jobified=0
Direct3D:
    Version:  Direct3D 11.0 [level 11.1]
    Renderer: NVIDIA GeForce RTX 3060 Laptop GPU (ID=0x2520)
    Vendor:   NVIDIA
    VRAM:     6023 MB
    Driver:   30.0.15.1278
Initialize mono
Mono path[0] = 'C:/Program Files/Unity/Hub/Editor/2021.3.22f1/Editor/Data/Managed'
Mono path[1] = 'C:/Program Files/Unity/Hub/Editor/2021.3.22f1/Editor/Data/MonoBleedingEdge/lib/mono/unityjit-win32'
Mono config path = 'C:/Program Files/Unity/Hub/Editor/2021.3.22f1/Editor/Data/MonoBleedingEdge/etc'
Using monoOptions --debugger-agent=transport=dt_socket,embedding=1,server=y,suspend=n,address=127.0.0.1:56848
Begin MonoManager ReloadAssembly
Registering precompiled unity dll's ...
Register platform support module: C:/Program Files/Unity/Hub/Editor/2021.3.22f1/Editor/Data/PlaybackEngines/WindowsStandaloneSupport/UnityEditor.WindowsStandalone.Extensions.dll
Registered in 0.003173 seconds.
Native extension for WindowsStandalone target not found
Refreshing native plugins compatible for Editor in 60.79 ms, found 4 plugins.
Preloading 0 native plugins for Editor in 0.00 ms.
Mono: successfully reloaded assembly
- Completed reload, in  0.524 seconds
Domain Reload Profiling:
	ReloadAssembly (524ms)
		BeginReloadAssembly (82ms)
			ExecutionOrderSort (0ms)
			DisableScriptedObjects (0ms)
			BackupInstance (0ms)
			ReleaseScriptingObjects (0ms)
			CreateAndSetChildDomain (1ms)
		EndReloadAssembly (352ms)
			LoadAssemblies (80ms)
			RebuildTransferFunctionScriptingTraits (0ms)
			SetupTypeCache (77ms)
			ReleaseScriptCaches (0ms)
			RebuildScriptCaches (22ms)
			SetupLoadedEditorAssemblies (213ms)
				LogAssemblyErrors (0ms)
				InitializePlatformSupportModulesInManaged (6ms)
				SetLoadedEditorAssemblies (0ms)
				RefreshPlugins (61ms)
				BeforeProcessingInitializeOnLoad (1ms)
				ProcessInitializeOnLoadAttributes (108ms)
				ProcessInitializeOnLoadMethodAttributes (37ms)
				AfterProcessingInitializeOnLoad (0ms)
				EditorAssembliesLoaded (0ms)
			ExecutionOrderSort2 (0ms)
			AwakeInstancesAfterBackupRestoration (0ms)
Platform modules already initialized, skipping
Registering precompiled user dll's ...
Registered in 0.004062 seconds.
Begin MonoManager ReloadAssembly
Symbol file LoadedFromMemory doesn't match image C:\Users\lyrax\OneDrive\Escritorio\kilimbu\Kilimbu\Diagony\Library\PackageCache\com.unity.visualscripting@1.8.0\Editor\VisualScripting.Core\Dependencies\YamlDotNet\Unity.VisualScripting.YamlDotNet.dll
Symbol file LoadedFromMemory doesn't match image C:\Users\lyrax\OneDrive\Escritorio\kilimbu\Kilimbu\Diagony\Library\PackageCache\com.unity.visualscripting@1.8.0\Editor\VisualScripting.Core\Dependencies\DotNetZip\Unity.VisualScripting.IonicZip.dll
Native extension for WindowsStandalone target not found
Refreshing native plugins compatible for Editor in 59.19 ms, found 4 plugins.
Preloading 0 native plugins for Editor in 0.00 ms.
Mono: successfully reloaded assembly
- Completed reload, in  0.840 seconds
Domain Reload Profiling:
	ReloadAssembly (841ms)
		BeginReloadAssembly (93ms)
			ExecutionOrderSort (0ms)
			DisableScriptedObjects (5ms)
			BackupInstance (0ms)
			ReleaseScriptingObjects (0ms)
			CreateAndSetChildDomain (16ms)
		EndReloadAssembly (672ms)
			LoadAssemblies (68ms)
			RebuildTransferFunctionScriptingTraits (0ms)
			SetupTypeCache (165ms)
			ReleaseScriptCaches (0ms)
			RebuildScriptCaches (44ms)
			SetupLoadedEditorAssemblies (365ms)
				LogAssemblyErrors (0ms)
				InitializePlatformSupportModulesInManaged (3ms)
				SetLoadedEditorAssemblies (0ms)
				RefreshPlugins (59ms)
				BeforeProcessingInitializeOnLoad (76ms)
				ProcessInitializeOnLoadAttributes (195ms)
				ProcessInitializeOnLoadMethodAttributes (27ms)
				AfterProcessingInitializeOnLoad (4ms)
				EditorAssembliesLoaded (0ms)
			ExecutionOrderSort2 (0ms)
			AwakeInstancesAfterBackupRestoration (6ms)
Platform modules already initialized, skipping
========================================================================
Worker process is ready to serve import requests
Launched and connected shader compiler UnityShaderCompiler.exe after 0.06 seconds
Refreshing native plugins compatible for Editor in 0.72 ms, found 4 plugins.
Preloading 0 native plugins for Editor in 0.00 ms.
Unloading 3788 Unused Serialized files (Serialized files now loaded: 0)
Unloading 35 unused Assets / (56.5 KB). Loaded Objects now: 4251.
Memory consumption went from 146.8 MB to 146.7 MB.
Total: 4.056300 ms (FindLiveObjects: 0.353900 ms CreateObjectMapping: 0.160600 ms MarkObjects: 3.440700 ms  DeleteObjects: 0.099700 ms)

AssetImportParameters requested are different than current active one (requested -> active):
  custom:video-decoder-ogg-theora: a1e56fd34408186e4bbccfd4996cb3dc -> 
  custom:container-muxer-webm: aa71ff27fc2769a1b78a27578f13a17b -> 
  custom:container-demuxer-webm: 4f35f7cbe854078d1ac9338744f61a02 -> 
  custom:video-encoder-webm-vp8: eb34c28f22e8b96e1ab97ce403110664 -> 
  custom:video-codec-MediaFoundation-h265: 746d11721c4dcdbdad8f713fa42b33f4 -> 
  custom:audio-encoder-webm-vorbis: bf7c407c2cedff20999df2af8eb42d56 -> 
  custom:framework-win-MediaFoundation: 216162199b28c13a410421893ffa2e32 -> 
  custom:container-demuxer-ogg: 62fdf1f143b41e24485cea50d1cbac27 -> 
  custom:video-decoder-webm-vp8: 9c59270c3fd7afecdb556c50c9e8de78 -> 
  custom:audio-decoder-ogg-vorbis: bf7c407c2cedff20999df2af8eb42d56 -> 
========================================================================
Received Prepare
Registering precompiled user dll's ...
Registered in 0.003306 seconds.
Begin MonoManager ReloadAssembly
Symbol file LoadedFromMemory doesn't match image C:\Users\lyrax\OneDrive\Escritorio\kilimbu\Kilimbu\Diagony\Library\PackageCache\com.unity.visualscripting@1.8.0\Editor\VisualScripting.Core\Dependencies\YamlDotNet\Unity.VisualScripting.YamlDotNet.dll
Symbol file LoadedFromMemory doesn't match image C:\Users\lyrax\OneDrive\Escritorio\kilimbu\Kilimbu\Diagony\Library\PackageCache\com.unity.visualscripting@1.8.0\Editor\VisualScripting.Core\Dependencies\DotNetZip\Unity.VisualScripting.IonicZip.dll
Native extension for WindowsStandalone target not found
Refreshing native plugins compatible for Editor in 0.51 ms, found 4 plugins.
Preloading 0 native plugins for Editor in 0.00 ms.
Mono: successfully reloaded assembly
- Completed reload, in  0.744 seconds
Domain Reload Profiling:
	ReloadAssembly (745ms)
		BeginReloadAssembly (109ms)
			ExecutionOrderSort (0ms)
			DisableScriptedObjects (6ms)
			BackupInstance (0ms)
			ReleaseScriptingObjects (0ms)
			CreateAndSetChildDomain (27ms)
		EndReloadAssembly (577ms)
			LoadAssemblies (73ms)
			RebuildTransferFunctionScriptingTraits (0ms)
			SetupTypeCache (168ms)
			ReleaseScriptCaches (1ms)
			RebuildScriptCaches (36ms)
			SetupLoadedEditorAssemblies (268ms)
				LogAssemblyErrors (0ms)
				InitializePlatformSupportModulesInManaged (5ms)
				SetLoadedEditorAssemblies (0ms)
				RefreshPlugins (1ms)
				BeforeProcessingInitializeOnLoad (55ms)
				ProcessInitializeOnLoadAttributes (176ms)
				ProcessInitializeOnLoadMethodAttributes (26ms)
				AfterProcessingInitializeOnLoad (4ms)
				EditorAssembliesLoaded (0ms)
			ExecutionOrderSort2 (0ms)
			AwakeInstancesAfterBackupRestoration (6ms)
Platform modules already initialized, skipping
Refreshing native plugins compatible for Editor in 1.89 ms, found 4 plugins.
Preloading 0 native plugins for Editor in 0.00 ms.
Unloading 3764 Unused Serialized files (Serialized files now loaded: 0)
Unloading 22 unused Assets / (24.6 KB). Loaded Objects now: 4254.
Memory consumption went from 144.3 MB to 144.3 MB.
Total: 2.732500 ms (FindLiveObjects: 0.274300 ms CreateObjectMapping: 0.120300 ms MarkObjects: 2.302300 ms  DeleteObjects: 0.033900 ms)

AssetImportParameters requested are different than current active one (requested -> active):
  custom:video-decoder-ogg-theora: a1e56fd34408186e4bbccfd4996cb3dc -> 
  custom:container-muxer-webm: aa71ff27fc2769a1b78a27578f13a17b -> 
  custom:container-demuxer-webm: 4f35f7cbe854078d1ac9338744f61a02 -> 
  custom:video-encoder-webm-vp8: eb34c28f22e8b96e1ab97ce403110664 -> 
  custom:video-codec-MediaFoundation-h265: 746d11721c4dcdbdad8f713fa42b33f4 -> 
  custom:audio-encoder-webm-vorbis: bf7c407c2cedff20999df2af8eb42d56 -> 
  custom:framework-win-MediaFoundation: 216162199b28c13a410421893ffa2e32 -> 
  custom:container-demuxer-ogg: 62fdf1f143b41e24485cea50d1cbac27 -> 
  custom:video-decoder-webm-vp8: 9c59270c3fd7afecdb556c50c9e8de78 -> 
  custom:audio-decoder-ogg-vorbis: bf7c407c2cedff20999df2af8eb42d56 -> 
========================================================================
Received Prepare
Registering precompiled user dll's ...
Registered in 0.004863 seconds.
Begin MonoManager ReloadAssembly
Symbol file LoadedFromMemory doesn't match image C:\Users\lyrax\OneDrive\Escritorio\kilimbu\Kilimbu\Diagony\Library\PackageCache\com.unity.visualscripting@1.8.0\Editor\VisualScripting.Core\Dependencies\YamlDotNet\Unity.VisualScripting.YamlDotNet.dll
Symbol file LoadedFromMemory doesn't match image C:\Users\lyrax\OneDrive\Escritorio\kilimbu\Kilimbu\Diagony\Library\PackageCache\com.unity.visualscripting@1.8.0\Editor\VisualScripting.Core\Dependencies\DotNetZip\Unity.VisualScripting.IonicZip.dll
Native extension for WindowsStandalone target not found
Refreshing native plugins compatible for Editor in 0.64 ms, found 4 plugins.
Preloading 0 native plugins for Editor in 0.00 ms.
Mono: successfully reloaded assembly
- Completed reload, in  0.726 seconds
Domain Reload Profiling:
	ReloadAssembly (726ms)
		BeginReloadAssembly (103ms)
			ExecutionOrderSort (0ms)
			DisableScriptedObjects (6ms)
			BackupInstance (0ms)
			ReleaseScriptingObjects (0ms)
			CreateAndSetChildDomain (27ms)
		EndReloadAssembly (563ms)
			LoadAssemblies (63ms)
			RebuildTransferFunctionScriptingTraits (0ms)
			SetupTypeCache (165ms)
			ReleaseScriptCaches (1ms)
			RebuildScriptCaches (38ms)
			SetupLoadedEditorAssemblies (262ms)
				LogAssemblyErrors (0ms)
				InitializePlatformSupportModulesInManaged (5ms)
				SetLoadedEditorAssemblies (0ms)
				RefreshPlugins (1ms)
				BeforeProcessingInitializeOnLoad (55ms)
				ProcessInitializeOnLoadAttributes (172ms)
				ProcessInitializeOnLoadMethodAttributes (24ms)
				AfterProcessingInitializeOnLoad (4ms)
				EditorAssembliesLoaded (0ms)
			ExecutionOrderSort2 (0ms)
			AwakeInstancesAfterBackupRestoration (5ms)
Platform modules already initialized, skipping
Refreshing native plugins compatible for Editor in 1.45 ms, found 4 plugins.
Preloading 0 native plugins for Editor in 0.00 ms.
Unloading 3764 Unused Serialized files (Serialized files now loaded: 0)
Unloading 22 unused Assets / (24.7 KB). Loaded Objects now: 4257.
Memory consumption went from 144.3 MB to 144.3 MB.
Total: 3.142200 ms (FindLiveObjects: 0.297300 ms CreateObjectMapping: 0.183000 ms MarkObjects: 2.621800 ms  DeleteObjects: 0.038700 ms)

AssetImportParameters requested are different than current active one (requested -> active):
  custom:video-decoder-ogg-theora: a1e56fd34408186e4bbccfd4996cb3dc -> 
  custom:container-muxer-webm: aa71ff27fc2769a1b78a27578f13a17b -> 
  custom:container-demuxer-webm: 4f35f7cbe854078d1ac9338744f61a02 -> 
  custom:video-encoder-webm-vp8: eb34c28f22e8b96e1ab97ce403110664 -> 
  custom:video-codec-MediaFoundation-h265: 746d11721c4dcdbdad8f713fa42b33f4 -> 
  custom:audio-encoder-webm-vorbis: bf7c407c2cedff20999df2af8eb42d56 -> 
  custom:framework-win-MediaFoundation: 216162199b28c13a410421893ffa2e32 -> 
  custom:container-demuxer-ogg: 62fdf1f143b41e24485cea50d1cbac27 -> 
  custom:video-decoder-webm-vp8: 9c59270c3fd7afecdb556c50c9e8de78 -> 
  custom:audio-decoder-ogg-vorbis: bf7c407c2cedff20999df2af8eb42d56 -> 
========================================================================
Received Import Request.
  Time since last request: 714500.669750 seconds.
  path: Assets/Sprites/interface/particula efecto.png
  artifactKey: Guid(d2d9d47771a4eb7428ed7912fed50d31) Importer(815301076,1909f56bfc062723c751e8b465ee728b)
Start importing Assets/Sprites/interface/particula efecto.png using Guid(d2d9d47771a4eb7428ed7912fed50d31) Importer(815301076,1909f56bfc062723c751e8b465ee728b)  -> (artifact id: 'f3591b8854db6e1055855d687e774414') in 0.105382 seconds 
========================================================================
Received Import Request.
  Time since last request: 1.448930 seconds.
  path: Assets/Sprites/interface/menu_panel.png
  artifactKey: Guid(9d1278dc8982d2d42945a2f7ecf707ac) Importer(815301076,1909f56bfc062723c751e8b465ee728b)
Start importing Assets/Sprites/interface/menu_panel.png using Guid(9d1278dc8982d2d42945a2f7ecf707ac) Importer(815301076,1909f56bfc062723c751e8b465ee728b)  -> (artifact id: '3cc134b8c9f68a2c0625535d8de096aa') in 0.077269 seconds 
========================================================================
Received Import Request.
  Time since last request: 6.174618 seconds.
  path: Assets/Sprites/CombatScene/SpellIcons/Fuerza.png
  artifactKey: Guid(8d6fedf1d76aec048bdece5c3e70bd41) Importer(815301076,1909f56bfc062723c751e8b465ee728b)
Start importing Assets/Sprites/CombatScene/SpellIcons/Fuerza.png using Guid(8d6fedf1d76aec048bdece5c3e70bd41) Importer(815301076,1909f56bfc062723c751e8b465ee728b)  -> (artifact id: '646ef213c1ba1b2df5322c39042ad431') in 0.086178 seconds 
========================================================================
Received Import Request.
  Time since last request: 7.675121 seconds.
  path: Assets/Sprites/interface/compendio_desactivado.png
  artifactKey: Guid(e6554c29d1a61694bb6bf801880d3dcc) Importer(815301076,1909f56bfc062723c751e8b465ee728b)
Start importing Assets/Sprites/interface/compendio_desactivado.png using Guid(e6554c29d1a61694bb6bf801880d3dcc) Importer(815301076,1909f56bfc062723c751e8b465ee728b)  -> (artifact id: '6240da820b8ba1d0f9678299511e2464') in 0.036103 seconds 
========================================================================
Received Import Request.
  Time since last request: 1.202635 seconds.
  path: Assets/Sprites/Backgrounds/BookBackground.png
  artifactKey: Guid(921d007a9b9ff09439d7e505364cf2cd) Importer(815301076,1909f56bfc062723c751e8b465ee728b)
Start importing Assets/Sprites/Backgrounds/BookBackground.png using Guid(921d007a9b9ff09439d7e505364cf2cd) Importer(815301076,1909f56bfc062723c751e8b465ee728b)  -> (artifact id: '434686c57bf6dad19d20d1ae694a10db') in 0.174268 seconds 
========================================================================
Received Import Request.
  Time since last request: 0.000022 seconds.
  path: Assets/Sprites/CombatScene/Enemigos/Boss.png
  artifactKey: Guid(2b077804997be8a49b79e7c539d5b0c7) Importer(815301076,1909f56bfc062723c751e8b465ee728b)
Start importing Assets/Sprites/CombatScene/Enemigos/Boss.png using Guid(2b077804997be8a49b79e7c539d5b0c7) Importer(815301076,1909f56bfc062723c751e8b465ee728b)  -> (artifact id: '6095f9fcb8be869d0a9a98f87fd599a9') in 0.213251 seconds 
========================================================================
Received Import Request.
  Time since last request: 0.000019 seconds.
  path: Assets/Sprites/CombatScene/Protagonista/Atack/5.png
  artifactKey: Guid(27b9f8f3ee530cf4d98df192df29e325) Importer(815301076,1909f56bfc062723c751e8b465ee728b)
Start importing Assets/Sprites/CombatScene/Protagonista/Atack/5.png using Guid(27b9f8f3ee530cf4d98df192df29e325) Importer(815301076,1909f56bfc062723c751e8b465ee728b)  -> (artifact id: '205a5f3852553be4ff70ccfd152e9668') in 0.203224 seconds 
========================================================================
Received Import Request.
  Time since last request: 0.000033 seconds.
  path: Assets/Sprites/CombatScene/Enemigos/Tristeza/Attack/3.png
  artifactKey: Guid(e99db14d8fd6a564d9c1d2db8205a6dd) Importer(815301076,1909f56bfc062723c751e8b465ee728b)
Start importing Assets/Sprites/CombatScene/Enemigos/Tristeza/Attack/3.png using Guid(e99db14d8fd6a564d9c1d2db8205a6dd) Importer(815301076,1909f56bfc062723c751e8b465ee728b)  -> (artifact id: '203faf0426f6315900de1fc2ed22017c') in 0.169008 seconds 
========================================================================
Received Import Request.
  Time since last request: 0.000019 seconds.
  path: Assets/Sprites/CombatScene/Enemigos/Tristeza/Danyo/9.png
  artifactKey: Guid(ba86967bd2173764fa8b9cb51cd4765a) Importer(815301076,1909f56bfc062723c751e8b465ee728b)
Start importing Assets/Sprites/CombatScene/Enemigos/Tristeza/Danyo/9.png using Guid(ba86967bd2173764fa8b9cb51cd4765a) Importer(815301076,1909f56bfc062723c751e8b465ee728b)  -> (artifact id: 'ebf9a91e4f7de0be2da6d3ca98980ddb') in 0.175924 seconds 
========================================================================
Received Import Request.
  Time since last request: 0.000022 seconds.
  path: Assets/Sprites/CombatScene/Protagonista/Danyo/9.png
  artifactKey: Guid(78ae5d4f941af204590185713ab2729a) Importer(815301076,1909f56bfc062723c751e8b465ee728b)
Start importing Assets/Sprites/CombatScene/Protagonista/Danyo/9.png using Guid(78ae5d4f941af204590185713ab2729a) Importer(815301076,1909f56bfc062723c751e8b465ee728b)  -> (artifact id: 'a6dbfd05f58a1a9274146a11fa6fceca') in 0.195023 seconds 
========================================================================
Received Import Request.
  Time since last request: 0.000044 seconds.
  path: Assets/Sprites/CombatScene/SpellIcons/Bloqueado.png
  artifactKey: Guid(40a6a2d498bf77145815be6f54cb8bd5) Importer(815301076,1909f56bfc062723c751e8b465ee728b)
Start importing Assets/Sprites/CombatScene/SpellIcons/Bloqueado.png using Guid(40a6a2d498bf77145815be6f54cb8bd5) Importer(815301076,1909f56bfc062723c751e8b465ee728b)  -> (artifact id: '4be31de93c35429e23c332e1b54ea676') in 0.054452 seconds 
========================================================================
Received Import Request.
  Time since last request: 0.000023 seconds.
  path: Assets/Sprites/CombatScene/Enemigos/Ira/Danyo/11.png
  artifactKey: Guid(5f8ed46672212b7408c2ee14fa984b3e) Importer(815301076,1909f56bfc062723c751e8b465ee728b)
Start importing Assets/Sprites/CombatScene/Enemigos/Ira/Danyo/11.png using Guid(5f8ed46672212b7408c2ee14fa984b3e) Importer(815301076,1909f56bfc062723c751e8b465ee728b)  -> (artifact id: 'c8c3502ad79e81d1b509ca61ecb9b7e6') in 0.170312 seconds 
========================================================================
Received Import Request.
  Time since last request: 0.000018 seconds.
  path: Assets/Sprites/CombatScene/Protagonista/Danyo/3.png
  artifactKey: Guid(179073bd92c7ad44aac7bc516bbbc22f) Importer(815301076,1909f56bfc062723c751e8b465ee728b)
Start importing Assets/Sprites/CombatScene/Protagonista/Danyo/3.png using Guid(179073bd92c7ad44aac7bc516bbbc22f) Importer(815301076,1909f56bfc062723c751e8b465ee728b)  -> (artifact id: '0ac87341cd56ad70216e88cb385dcf61') in 0.178490 seconds 
========================================================================
Received Import Request.
  Time since last request: 0.000029 seconds.
  path: Assets/Sprites/CombatScene/Enemigos/Miedo/Attack/2.png
  artifactKey: Guid(fd8788e38ee6fc6458ca56f3dd46da78) Importer(815301076,1909f56bfc062723c751e8b465ee728b)
Start importing Assets/Sprites/CombatScene/Enemigos/Miedo/Attack/2.png using Guid(fd8788e38ee6fc6458ca56f3dd46da78) Importer(815301076,1909f56bfc062723c751e8b465ee728b)  -> (artifact id: '8616430865ec851d4303bb3bc4e2f95f') in 0.183577 seconds 
========================================================================
Received Import Request.
  Time since last request: 0.000016 seconds.
  path: Assets/Sprites/Backgrounds/MainMenuAnimation/2.png
  artifactKey: Guid(e7e1ec7f5cbd36049a0ec6649cd67f58) Importer(815301076,1909f56bfc062723c751e8b465ee728b)
Start importing Assets/Sprites/Backgrounds/MainMenuAnimation/2.png using Guid(e7e1ec7f5cbd36049a0ec6649cd67f58) Importer(815301076,1909f56bfc062723c751e8b465ee728b)  -> (artifact id: '552d43116960ba581badee38724fbbde') in 0.144040 seconds 
========================================================================
Received Import Request.
  Time since last request: 0.000028 seconds.
  path: Assets/Sprites/CombatScene/Protagonista/Atack/4.png
  artifactKey: Guid(f655e2323c1a54e4b92d0199513346e3) Importer(815301076,1909f56bfc062723c751e8b465ee728b)
Start importing Assets/Sprites/CombatScene/Protagonista/Atack/4.png using Guid(f655e2323c1a54e4b92d0199513346e3) Importer(815301076,1909f56bfc062723c751e8b465ee728b)  -> (artifact id: '0b372bebb2242d8701b9a483fece531f') in 0.211770 seconds 
========================================================================
Received Import Request.
  Time since last request: 0.000039 seconds.
  path: Assets/Sprites/CombatScene/Enemigos/Miedo/Idle/3.png
  artifactKey: Guid(ed2e0d78eae4bbf468698a7c4ad2788e) Importer(815301076,1909f56bfc062723c751e8b465ee728b)
Start importing Assets/Sprites/CombatScene/Enemigos/Miedo/Idle/3.png using Guid(ed2e0d78eae4bbf468698a7c4ad2788e) Importer(815301076,1909f56bfc062723c751e8b465ee728b)  -> (artifact id: '7f7205be5801b857cb928969439cbc27') in 0.208833 seconds 
========================================================================
Received Import Request.
  Time since last request: 0.000026 seconds.
  path: Assets/Sprites/CombatScene/Enemigos/Miedo/Idle/11.png
  artifactKey: Guid(30f004adbf2b1914c913a18bc5b7245f) Importer(815301076,1909f56bfc062723c751e8b465ee728b)
Start importing Assets/Sprites/CombatScene/Enemigos/Miedo/Idle/11.png using Guid(30f004adbf2b1914c913a18bc5b7245f) Importer(815301076,1909f56bfc062723c751e8b465ee728b)  -> (artifact id: '0a49d857432b245e6a5d498cb0a773bb') in 0.175639 seconds 
========================================================================
Received Import Request.
  Time since last request: 0.000028 seconds.
  path: Assets/Sprites/CombatScene/Enemigos/Tristeza/Danyo/1.png
  artifactKey: Guid(b7b813f90448b174fac28e00198d6f98) Importer(815301076,1909f56bfc062723c751e8b465ee728b)
Start importing Assets/Sprites/CombatScene/Enemigos/Tristeza/Danyo/1.png using Guid(b7b813f90448b174fac28e00198d6f98) Importer(815301076,1909f56bfc062723c751e8b465ee728b)  -> (artifact id: 'e1441402e1ae24a33a4427ae10e0a31d') in 0.187053 seconds 
========================================================================
Received Import Request.
  Time since last request: 0.000018 seconds.
  path: Assets/Sprites/CombatScene/Enemigos/Miedo/Danyo/10.png
  artifactKey: Guid(7aeff42e4c1d4834e831ea96bb7b376e) Importer(815301076,1909f56bfc062723c751e8b465ee728b)
Start importing Assets/Sprites/CombatScene/Enemigos/Miedo/Danyo/10.png using Guid(7aeff42e4c1d4834e831ea96bb7b376e) Importer(815301076,1909f56bfc062723c751e8b465ee728b)  -> (artifact id: 'c19b5a69264cdd2cadb3fca891c46a91') in 0.180573 seconds 
========================================================================
Received Import Request.
  Time since last request: 0.000018 seconds.
  path: Assets/Sprites/CombatScene/Protagonista/Danyo/4.png
  artifactKey: Guid(2de7c77b768e5db4da39e8d00df411c5) Importer(815301076,1909f56bfc062723c751e8b465ee728b)
Start importing Assets/Sprites/CombatScene/Protagonista/Danyo/4.png using Guid(2de7c77b768e5db4da39e8d00df411c5) Importer(815301076,1909f56bfc062723c751e8b465ee728b)  -> (artifact id: 'd99cdb837231617b45c2798e2acacc0f') in 0.169747 seconds 
========================================================================
Received Import Request.
  Time since last request: 0.000032 seconds.
  path: Assets/Sprites/CombatScene/Enemigos/Ira/Idle/1.png
  artifactKey: Guid(711a26678f56e18448aaf939d3bdfe37) Importer(815301076,1909f56bfc062723c751e8b465ee728b)
Start importing Assets/Sprites/CombatScene/Enemigos/Ira/Idle/1.png using Guid(711a26678f56e18448aaf939d3bdfe37) Importer(815301076,1909f56bfc062723c751e8b465ee728b)  -> (artifact id: '083f6b1773275012451e461729d9f858') in 0.184377 seconds 
========================================================================
Received Import Request.
  Time since last request: 0.000016 seconds.
  path: Assets/Sprites/CombatScene/Enemigos/Miedo/Attack/7.png
  artifactKey: Guid(be28c113ec672d446b8c6dcb619616a5) Importer(815301076,1909f56bfc062723c751e8b465ee728b)
Start importing Assets/Sprites/CombatScene/Enemigos/Miedo/Attack/7.png using Guid(be28c113ec672d446b8c6dcb619616a5) Importer(815301076,1909f56bfc062723c751e8b465ee728b)  -> (artifact id: '51c706b0c7c56437c6d298c521da328b') in 0.155369 seconds 
========================================================================
Received Import Request.
  Time since last request: 0.000029 seconds.
  path: Assets/Sprites/CombatScene/Enemigos/Tristeza/Attack/1.png
  artifactKey: Guid(3dd30f8d9dcf0e04d8f3b184dc7fc161) Importer(815301076,1909f56bfc062723c751e8b465ee728b)
Start importing Assets/Sprites/CombatScene/Enemigos/Tristeza/Attack/1.png using Guid(3dd30f8d9dcf0e04d8f3b184dc7fc161) Importer(815301076,1909f56bfc062723c751e8b465ee728b)  -> (artifact id: '541edf046a1e61b010fc9da95665edf3') in 0.208496 seconds 
========================================================================
Received Import Request.
  Time since last request: 0.000041 seconds.
  path: Assets/Sprites/CombatScene/Enemigos/Ira/Attack/6.png
  artifactKey: Guid(a44e31d9e6352e44bb8d6de0ea60fc72) Importer(815301076,1909f56bfc062723c751e8b465ee728b)
Start importing Assets/Sprites/CombatScene/Enemigos/Ira/Attack/6.png using Guid(a44e31d9e6352e44bb8d6de0ea60fc72) Importer(815301076,1909f56bfc062723c751e8b465ee728b)  -> (artifact id: '5cb79f327d88327fe6518992bfe00b4b') in 0.181870 seconds 
========================================================================
Received Import Request.
  Time since last request: 0.000030 seconds.
  path: Assets/Sprites/CombatScene/Enemigos/Tristeza/Attack/8.png
  artifactKey: Guid(7ad04e4920c7bb443b4133c95f35f665) Importer(815301076,1909f56bfc062723c751e8b465ee728b)
Start importing Assets/Sprites/CombatScene/Enemigos/Tristeza/Attack/8.png using Guid(7ad04e4920c7bb443b4133c95f35f665) Importer(815301076,1909f56bfc062723c751e8b465ee728b)  -> (artifact id: 'b1e8edf1859696ff907b05525e59906e') in 0.162569 seconds 
========================================================================
Received Import Request.
  Time since last request: 0.000018 seconds.
  path: Assets/Sprites/CombatScene/Protagonista/Danyo/6.png
  artifactKey: Guid(201d1b94e501c9042a0d60f53563e855) Importer(815301076,1909f56bfc062723c751e8b465ee728b)
Start importing Assets/Sprites/CombatScene/Protagonista/Danyo/6.png using Guid(201d1b94e501c9042a0d60f53563e855) Importer(815301076,1909f56bfc062723c751e8b465ee728b)  -> (artifact id: '326b89652b7dc77bbeeeead49a62c0ad') in 0.198910 seconds 
========================================================================
Received Import Request.
  Time since last request: 0.000051 seconds.
  path: Assets/Sprites/CombatScene/Protagonista/Atack/8.png
  artifactKey: Guid(7b9fe037ccf184b4a8e1fbdb1c7a5631) Importer(815301076,1909f56bfc062723c751e8b465ee728b)
Start importing Assets/Sprites/CombatScene/Protagonista/Atack/8.png using Guid(7b9fe037ccf184b4a8e1fbdb1c7a5631) Importer(815301076,1909f56bfc062723c751e8b465ee728b)  -> (artifact id: 'b91e92307d01eb1487a92208d7217bb9') in 0.187227 seconds 
========================================================================
Received Import Request.
  Time since last request: 0.000019 seconds.
  path: Assets/Sprites/CombatScene/Enemigos/Miedo/Idle/1.png
  artifactKey: Guid(f21f2681100fe4e4d9afd276babf7807) Importer(815301076,1909f56bfc062723c751e8b465ee728b)
Start importing Assets/Sprites/CombatScene/Enemigos/Miedo/Idle/1.png using Guid(f21f2681100fe4e4d9afd276babf7807) Importer(815301076,1909f56bfc062723c751e8b465ee728b)  -> (artifact id: '318b3d0e0d440088e72a115d3ff0b9e9') in 0.156096 seconds 
========================================================================
Received Import Request.
  Time since last request: 0.000027 seconds.
  path: Assets/Sprites/CombatScene/Enemigos/Tristeza/Attack/2.png
  artifactKey: Guid(80dbe7e198902d347b8680a42999f1d8) Importer(815301076,1909f56bfc062723c751e8b465ee728b)
Start importing Assets/Sprites/CombatScene/Enemigos/Tristeza/Attack/2.png using Guid(80dbe7e198902d347b8680a42999f1d8) Importer(815301076,1909f56bfc062723c751e8b465ee728b)  -> (artifact id: '94e6484facc24dc2c5927d718825296d') in 0.159900 seconds 
========================================================================
Received Import Request.
  Time since last request: 0.000028 seconds.
  path: Assets/Sprites/CombatScene/Enemigos/Ira/Idle/6.png
  artifactKey: Guid(150f50f8b0b31cb4f99913fee3388b0e) Importer(815301076,1909f56bfc062723c751e8b465ee728b)
Start importing Assets/Sprites/CombatScene/Enemigos/Ira/Idle/6.png using Guid(150f50f8b0b31cb4f99913fee3388b0e) Importer(815301076,1909f56bfc062723c751e8b465ee728b)  -> (artifact id: '399002c3c212dd62545daa8b62c3c2d9') in 0.171659 seconds 
========================================================================
Received Import Request.
  Time since last request: 0.000018 seconds.
  path: Assets/Sprites/CombatScene/Enemigos/Miedo/Attack/3.png
  artifactKey: Guid(b6095de9ad8f0ba48b3a1fa4e4db23b9) Importer(815301076,1909f56bfc062723c751e8b465ee728b)
Start importing Assets/Sprites/CombatScene/Enemigos/Miedo/Attack/3.png using Guid(b6095de9ad8f0ba48b3a1fa4e4db23b9) Importer(815301076,1909f56bfc062723c751e8b465ee728b)  -> (artifact id: '65b0144ec93212f2268209e4f6cffa08') in 0.144984 seconds 
========================================================================
Received Import Request.
  Time since last request: 0.000020 seconds.
  path: Assets/Sprites/CombatScene/Enemigos/Tristeza/Idle/3.png
  artifactKey: Guid(ac52e015fd2cf734a907816b4684bf68) Importer(815301076,1909f56bfc062723c751e8b465ee728b)
Start importing Assets/Sprites/CombatScene/Enemigos/Tristeza/Idle/3.png using Guid(ac52e015fd2cf734a907816b4684bf68) Importer(815301076,1909f56bfc062723c751e8b465ee728b)  -> (artifact id: '66103925fe88f99906fe7529c9858536') in 0.164307 seconds 
========================================================================
Received Import Request.
  Time since last request: 0.000028 seconds.
  path: Assets/Sprites/CombatScene/Enemigos/Tristeza/Idle/4.png
  artifactKey: Guid(d858cca34ce05514891efdd17c95c1e1) Importer(815301076,1909f56bfc062723c751e8b465ee728b)
Start importing Assets/Sprites/CombatScene/Enemigos/Tristeza/Idle/4.png using Guid(d858cca34ce05514891efdd17c95c1e1) Importer(815301076,1909f56bfc062723c751e8b465ee728b)  -> (artifact id: 'bc545cd30ac1d71fe450dd74c12b1fd8') in 0.170984 seconds 
========================================================================
Received Import Request.
  Time since last request: 0.000017 seconds.
  path: Assets/Sprites/CombatScene/Enemigos/Tristeza/Idle/1.png
  artifactKey: Guid(4e34593d0d5b3364bb715226eabfa793) Importer(815301076,1909f56bfc062723c751e8b465ee728b)
Start importing Assets/Sprites/CombatScene/Enemigos/Tristeza/Idle/1.png using Guid(4e34593d0d5b3364bb715226eabfa793) Importer(815301076,1909f56bfc062723c751e8b465ee728b)  -> (artifact id: 'a8112f67438be1ac4e87dc272a0f9d8b') in 0.162400 seconds 
========================================================================
Received Import Request.
  Time since last request: 0.000021 seconds.
  path: Assets/Sprites/CombatScene/Protagonista/Danyo/2.png
  artifactKey: Guid(a328919ceb215b647b4e1fa84cc02daf) Importer(815301076,1909f56bfc062723c751e8b465ee728b)
Start importing Assets/Sprites/CombatScene/Protagonista/Danyo/2.png using Guid(a328919ceb215b647b4e1fa84cc02daf) Importer(815301076,1909f56bfc062723c751e8b465ee728b)  -> (artifact id: 'a004da42ce59f97102b057b3bd094062') in 0.189041 seconds 
========================================================================
Received Import Request.
  Time since last request: 0.000033 seconds.
  path: Assets/Sprites/CombatScene/Enemigos/Tristeza/Danyo/4.png
  artifactKey: Guid(9a1cf91bcb020f541a952b7009600b24) Importer(815301076,1909f56bfc062723c751e8b465ee728b)
Start importing Assets/Sprites/CombatScene/Enemigos/Tristeza/Danyo/4.png using Guid(9a1cf91bcb020f541a952b7009600b24) Importer(815301076,1909f56bfc062723c751e8b465ee728b)  -> (artifact id: 'e7c5d654ae2cd124cd653eeb1ad32650') in 0.173837 seconds 
========================================================================
Received Import Request.
  Time since last request: 0.000020 seconds.
  path: Assets/Sprites/CombatScene/Enemigos/Ira/Attack/11.png
  artifactKey: Guid(6aacf4c277cd4614888499f9bbf018cc) Importer(815301076,1909f56bfc062723c751e8b465ee728b)
Start importing Assets/Sprites/CombatScene/Enemigos/Ira/Attack/11.png using Guid(6aacf4c277cd4614888499f9bbf018cc) Importer(815301076,1909f56bfc062723c751e8b465ee728b)  -> (artifact id: '1a53ffa325367c2a1b2ac331522d32bc') in 0.178131 seconds 
========================================================================
Received Import Request.
  Time since last request: 0.000031 seconds.
  path: Assets/Sprites/CombatScene/Enemigos/Miedo/Danyo/3.png
  artifactKey: Guid(fa6772df5c60fc44a884ad0771b39572) Importer(815301076,1909f56bfc062723c751e8b465ee728b)
Start importing Assets/Sprites/CombatScene/Enemigos/Miedo/Danyo/3.png using Guid(fa6772df5c60fc44a884ad0771b39572) Importer(815301076,1909f56bfc062723c751e8b465ee728b)  -> (artifact id: '94d0eb7bc4486168a4488efe53899458') in 0.190668 seconds 
========================================================================
Received Import Request.
  Time since last request: 0.000041 seconds.
  path: Assets/Sprites/CombatScene/Enemigos/Miedo/Idle/12.png
  artifactKey: Guid(a32e951ed00530949a15c64528c9b906) Importer(815301076,1909f56bfc062723c751e8b465ee728b)
Start importing Assets/Sprites/CombatScene/Enemigos/Miedo/Idle/12.png using Guid(a32e951ed00530949a15c64528c9b906) Importer(815301076,1909f56bfc062723c751e8b465ee728b)  -> (artifact id: 'a060d1b047656dcb5dc6733d1f43133f') in 0.165175 seconds 
Editor requested this worker to shutdown with reason: Scaling down because of idle timeout
AssetImportWorkerClient::OnTransportError - code=2 error=End of file
AssetImportWorker is now disconnected from the server
Process exiting
Exiting without the bug reporter. Application will terminate with return code 0