Using pre-set license
Built from '2021.3/staging' branch; Version is '2021.3.22f1 (b6c551784ba3) revision 11978065'; Using compiler version '192829333'; Build Type 'Release'
OS: 'Windows 11  (10.0.22631) 64bit Core' Language: 'es' Physical Memory: 16004 MB
BatchMode: 1, IsHumanControllingUs: 0, StartBugReporterOnCrash: 0, Is64bit: 1, IsPro: 1

COMMAND LINE ARGUMENTS:
C:\Program Files\Unity\Hub\Editor\2021.3.22f1\Editor\Unity.exe
-adb2
-batchMode
-noUpm
-name
AssetImportWorker15
-projectPath
C:/Users/lyrax/OneDrive/Escritorio/kilimbu/Kilimbu/Diagony
-logFile
Logs/AssetImportWorker15.log
-srvPort
65373
Successfully changed project path to: C:/Users/lyrax/OneDrive/Escritorio/kilimbu/Kilimbu/Diagony
C:/Users/lyrax/OneDrive/Escritorio/kilimbu/Kilimbu/Diagony
[UnityMemory] Configuration Parameters - Can be set up in boot.config
    "memorysetup-bucket-allocator-granularity=16"
    "memorysetup-bucket-allocator-bucket-count=8"
    "memorysetup-bucket-allocator-block-size=33554432"
    "memorysetup-bucket-allocator-block-count=8"
    "memorysetup-main-allocator-block-size=16777216"
    "memorysetup-thread-allocator-block-size=16777216"
    "memorysetup-gfx-main-allocator-block-size=16777216"
    "memorysetup-gfx-thread-allocator-block-size=16777216"
    "memorysetup-cache-allocator-block-size=4194304"
    "memorysetup-typetree-allocator-block-size=2097152"
    "memorysetup-profiler-bucket-allocator-granularity=16"
    "memorysetup-profiler-bucket-allocator-bucket-count=8"
    "memorysetup-profiler-bucket-allocator-block-size=33554432"
    "memorysetup-profiler-bucket-allocator-block-count=8"
    "memorysetup-profiler-allocator-block-size=16777216"
    "memorysetup-profiler-editor-allocator-block-size=1048576"
    "memorysetup-temp-allocator-size-main=16777216"
    "memorysetup-job-temp-allocator-block-size=2097152"
    "memorysetup-job-temp-allocator-block-size-background=1048576"
    "memorysetup-job-temp-allocator-reduction-small-platforms=262144"
    "memorysetup-temp-allocator-size-background-worker=32768"
    "memorysetup-temp-allocator-size-job-worker=262144"
    "memorysetup-temp-allocator-size-preload-manager=33554432"
    "memorysetup-temp-allocator-size-nav-mesh-worker=65536"
    "memorysetup-temp-allocator-size-audio-worker=65536"
    "memorysetup-temp-allocator-size-cloud-worker=32768"
    "memorysetup-temp-allocator-size-gi-baking-worker=262144"
    "memorysetup-temp-allocator-size-gfx=262144"
Player connection [11968] Host "[IP] 192.168.1.66 [Port] 0 [Flags] 2 [Guid] 3733987415 [EditorId] 3733987415 [Version] 1048832 [Id] WindowsEditor(7,yu) [Debug] 1 [PackageName] WindowsEditor [ProjectName] Editor" joined multi-casting on [225.0.0.222:54997]...

Player connection [11968] Host "[IP] 192.168.1.66 [Port] 0 [Flags] 2 [Guid] 3733987415 [EditorId] 3733987415 [Version] 1048832 [Id] WindowsEditor(7,yu) [Debug] 1 [PackageName] WindowsEditor [ProjectName] Editor" joined alternative multi-casting on [225.0.0.222:34997]...

Refreshing native plugins compatible for Editor in 84.30 ms, found 4 plugins.
Preloading 0 native plugins for Editor in 0.00 ms.
Initialize engine version: 2021.3.22f1 (b6c551784ba3)
[Subsystems] Discovering subsystems at path C:/Program Files/Unity/Hub/Editor/2021.3.22f1/Editor/Data/Resources/UnitySubsystems
[Subsystems] Discovering subsystems at path C:/Users/lyrax/OneDrive/Escritorio/kilimbu/Kilimbu/Diagony/Assets
GfxDevice: creating device client; threaded=0; jobified=0
Direct3D:
    Version:  Direct3D 11.0 [level 11.1]
    Renderer: NVIDIA GeForce RTX 3060 Laptop GPU (ID=0x2520)
    Vendor:   NVIDIA
    VRAM:     6023 MB
    Driver:   30.0.15.1278
Initialize mono
Mono path[0] = 'C:/Program Files/Unity/Hub/Editor/2021.3.22f1/Editor/Data/Managed'
Mono path[1] = 'C:/Program Files/Unity/Hub/Editor/2021.3.22f1/Editor/Data/MonoBleedingEdge/lib/mono/unityjit-win32'
Mono config path = 'C:/Program Files/Unity/Hub/Editor/2021.3.22f1/Editor/Data/MonoBleedingEdge/etc'
Using monoOptions --debugger-agent=transport=dt_socket,embedding=1,server=y,suspend=n,address=127.0.0.1:56384
Begin MonoManager ReloadAssembly
Registering precompiled unity dll's ...
Register platform support module: C:/Program Files/Unity/Hub/Editor/2021.3.22f1/Editor/Data/PlaybackEngines/WindowsStandaloneSupport/UnityEditor.WindowsStandalone.Extensions.dll
Registered in 0.003370 seconds.
Native extension for WindowsStandalone target not found
Refreshing native plugins compatible for Editor in 86.00 ms, found 4 plugins.
Preloading 0 native plugins for Editor in 0.00 ms.
Mono: successfully reloaded assembly
- Completed reload, in  0.656 seconds
Domain Reload Profiling:
	ReloadAssembly (657ms)
		BeginReloadAssembly (79ms)
			ExecutionOrderSort (0ms)
			DisableScriptedObjects (0ms)
			BackupInstance (0ms)
			ReleaseScriptingObjects (0ms)
			CreateAndSetChildDomain (1ms)
		EndReloadAssembly (480ms)
			LoadAssemblies (76ms)
			RebuildTransferFunctionScriptingTraits (0ms)
			SetupTypeCache (118ms)
			ReleaseScriptCaches (0ms)
			RebuildScriptCaches (33ms)
			SetupLoadedEditorAssemblies (288ms)
				LogAssemblyErrors (0ms)
				InitializePlatformSupportModulesInManaged (7ms)
				SetLoadedEditorAssemblies (0ms)
				RefreshPlugins (86ms)
				BeforeProcessingInitializeOnLoad (1ms)
				ProcessInitializeOnLoadAttributes (137ms)
				ProcessInitializeOnLoadMethodAttributes (57ms)
				AfterProcessingInitializeOnLoad (0ms)
				EditorAssembliesLoaded (0ms)
			ExecutionOrderSort2 (0ms)
			AwakeInstancesAfterBackupRestoration (0ms)
Platform modules already initialized, skipping
Registering precompiled user dll's ...
Registered in 0.004325 seconds.
Begin MonoManager ReloadAssembly
Symbol file LoadedFromMemory doesn't match image C:\Users\lyrax\OneDrive\Escritorio\kilimbu\Kilimbu\Diagony\Library\PackageCache\com.unity.visualscripting@1.8.0\Editor\VisualScripting.Core\Dependencies\YamlDotNet\Unity.VisualScripting.YamlDotNet.dll
Symbol file LoadedFromMemory doesn't match image C:\Users\lyrax\OneDrive\Escritorio\kilimbu\Kilimbu\Diagony\Library\PackageCache\com.unity.visualscripting@1.8.0\Editor\VisualScripting.Core\Dependencies\DotNetZip\Unity.VisualScripting.IonicZip.dll
Native extension for WindowsStandalone target not found
Refreshing native plugins compatible for Editor in 71.30 ms, found 4 plugins.
Preloading 0 native plugins for Editor in 0.00 ms.
Mono: successfully reloaded assembly
- Completed reload, in  1.089 seconds
Domain Reload Profiling:
	ReloadAssembly (1090ms)
		BeginReloadAssembly (113ms)
			ExecutionOrderSort (0ms)
			DisableScriptedObjects (6ms)
			BackupInstance (0ms)
			ReleaseScriptingObjects (0ms)
			CreateAndSetChildDomain (21ms)
		EndReloadAssembly (873ms)
			LoadAssemblies (85ms)
			RebuildTransferFunctionScriptingTraits (0ms)
			SetupTypeCache (238ms)
			ReleaseScriptCaches (0ms)
			RebuildScriptCaches (54ms)
			SetupLoadedEditorAssemblies (456ms)
				LogAssemblyErrors (0ms)
				InitializePlatformSupportModulesInManaged (4ms)
				SetLoadedEditorAssemblies (0ms)
				RefreshPlugins (71ms)
				BeforeProcessingInitializeOnLoad (96ms)
				ProcessInitializeOnLoadAttributes (248ms)
				ProcessInitializeOnLoadMethodAttributes (33ms)
				AfterProcessingInitializeOnLoad (4ms)
				EditorAssembliesLoaded (0ms)
			ExecutionOrderSort2 (0ms)
			AwakeInstancesAfterBackupRestoration (6ms)
Platform modules already initialized, skipping
========================================================================
Worker process is ready to serve import requests
Launched and connected shader compiler UnityShaderCompiler.exe after 0.06 seconds
Refreshing native plugins compatible for Editor in 0.90 ms, found 4 plugins.
Preloading 0 native plugins for Editor in 0.00 ms.
Unloading 3788 Unused Serialized files (Serialized files now loaded: 0)
Unloading 35 unused Assets / (56.5 KB). Loaded Objects now: 4251.
Memory consumption went from 146.8 MB to 146.7 MB.
Total: 4.347100 ms (FindLiveObjects: 0.319200 ms CreateObjectMapping: 0.274600 ms MarkObjects: 3.624500 ms  DeleteObjects: 0.127400 ms)

AssetImportParameters requested are different than current active one (requested -> active):
  custom:video-decoder-ogg-theora: a1e56fd34408186e4bbccfd4996cb3dc -> 
  custom:container-muxer-webm: aa71ff27fc2769a1b78a27578f13a17b -> 
  custom:container-demuxer-webm: 4f35f7cbe854078d1ac9338744f61a02 -> 
  custom:video-encoder-webm-vp8: eb34c28f22e8b96e1ab97ce403110664 -> 
  custom:video-codec-MediaFoundation-h265: 746d11721c4dcdbdad8f713fa42b33f4 -> 
  custom:audio-encoder-webm-vorbis: bf7c407c2cedff20999df2af8eb42d56 -> 
  custom:framework-win-MediaFoundation: 216162199b28c13a410421893ffa2e32 -> 
  custom:container-demuxer-ogg: 62fdf1f143b41e24485cea50d1cbac27 -> 
  custom:video-decoder-webm-vp8: 9c59270c3fd7afecdb556c50c9e8de78 -> 
  custom:audio-decoder-ogg-vorbis: bf7c407c2cedff20999df2af8eb42d56 -> 
========================================================================
Received Import Request.
  Time since last request: 714520.942998 seconds.
  path: Assets/Sprites/CombatScene/Enemigos/Ira/Danyo/9.png
  artifactKey: Guid(affbda0a4982d2a46a76939d861ae15d) Importer(815301076,1909f56bfc062723c751e8b465ee728b)
Start importing Assets/Sprites/CombatScene/Enemigos/Ira/Danyo/9.png using Guid(affbda0a4982d2a46a76939d861ae15d) Importer(815301076,1909f56bfc062723c751e8b465ee728b)  -> (artifact id: '36cf5b7169f363578d50fdf91fd38e8a') in 0.344537 seconds 
========================================================================
Received Import Request.
  Time since last request: 0.000027 seconds.
  path: Assets/Sprites/CombatScene/Enemigos/Tristeza/Danyo/2.png
  artifactKey: Guid(2eefb8ac36bc34846b838d7a03b50c83) Importer(815301076,1909f56bfc062723c751e8b465ee728b)
Start importing Assets/Sprites/CombatScene/Enemigos/Tristeza/Danyo/2.png using Guid(2eefb8ac36bc34846b838d7a03b50c83) Importer(815301076,1909f56bfc062723c751e8b465ee728b)  -> (artifact id: 'd93a97ae50e363963803eb8995830392') in 0.203194 seconds 
========================================================================
Received Import Request.
  Time since last request: 0.000030 seconds.
  path: Assets/Sprites/CombatScene/Enemigos/Ira/Danyo/10.png
  artifactKey: Guid(94f9f780ea015344789a6f645397fa16) Importer(815301076,1909f56bfc062723c751e8b465ee728b)
Start importing Assets/Sprites/CombatScene/Enemigos/Ira/Danyo/10.png using Guid(94f9f780ea015344789a6f645397fa16) Importer(815301076,1909f56bfc062723c751e8b465ee728b)  -> (artifact id: '0c0292e49877f3c44bbe000b9aa1cade') in 0.184937 seconds 
========================================================================
Received Import Request.
  Time since last request: 0.000016 seconds.
  path: Assets/Sprites/CombatScene/Enemigos/Ira/Attack/5.png
  artifactKey: Guid(321d6dddd9907334799235e9f59fcd89) Importer(815301076,1909f56bfc062723c751e8b465ee728b)
Start importing Assets/Sprites/CombatScene/Enemigos/Ira/Attack/5.png using Guid(321d6dddd9907334799235e9f59fcd89) Importer(815301076,1909f56bfc062723c751e8b465ee728b)  -> (artifact id: '202ff13ae12a89f2e3cd8717dce8c777') in 0.182815 seconds 
========================================================================
Received Import Request.
  Time since last request: 0.000024 seconds.
  path: Assets/Sprites/CombatScene/Enemigos/Tristeza/Idle/2.png
  artifactKey: Guid(8e580c8b00faa0544b6b1d9c422796d0) Importer(815301076,1909f56bfc062723c751e8b465ee728b)
Start importing Assets/Sprites/CombatScene/Enemigos/Tristeza/Idle/2.png using Guid(8e580c8b00faa0544b6b1d9c422796d0) Importer(815301076,1909f56bfc062723c751e8b465ee728b)  -> (artifact id: '3a93935b6ef3ba9b866f0d86e790e63b') in 0.194122 seconds 
========================================================================
Received Import Request.
  Time since last request: 0.000029 seconds.
  path: Assets/Sprites/CombatScene/Enemigos/Miedo/Danyo/1.png
  artifactKey: Guid(a7ac75559432d2a48938b647ee807afa) Importer(815301076,1909f56bfc062723c751e8b465ee728b)
Start importing Assets/Sprites/CombatScene/Enemigos/Miedo/Danyo/1.png using Guid(a7ac75559432d2a48938b647ee807afa) Importer(815301076,1909f56bfc062723c751e8b465ee728b)  -> (artifact id: 'b8fb413b0969435ce718906d842e37b8') in 0.172342 seconds 
========================================================================
Received Import Request.
  Time since last request: 0.000019 seconds.
  path: Assets/Sprites/Backgrounds/BookPanel.png
  artifactKey: Guid(5b5b503c5c902244cb0afcff4c71b7d5) Importer(815301076,1909f56bfc062723c751e8b465ee728b)
Start importing Assets/Sprites/Backgrounds/BookPanel.png using Guid(5b5b503c5c902244cb0afcff4c71b7d5) Importer(815301076,1909f56bfc062723c751e8b465ee728b)  -> (artifact id: '817c4e7144417fb7db91090e1a1d9d52') in 0.072252 seconds 
========================================================================
Received Import Request.
  Time since last request: 0.000020 seconds.
  path: Assets/Sprites/CombatScene/Enemigos/Tristeza/Attack/4.png
  artifactKey: Guid(5539cf86d11c0d544920e18211638ab4) Importer(815301076,1909f56bfc062723c751e8b465ee728b)
Start importing Assets/Sprites/CombatScene/Enemigos/Tristeza/Attack/4.png using Guid(5539cf86d11c0d544920e18211638ab4) Importer(815301076,1909f56bfc062723c751e8b465ee728b)  -> (artifact id: '6a81edbdb499f29dc0c6a0e36ec7fc86') in 0.161205 seconds 
========================================================================
Received Import Request.
  Time since last request: 0.000039 seconds.
  path: Assets/Sprites/CombatScene/Protagonista/Atack/6.png
  artifactKey: Guid(72ddcec7657446046813e64cbfa42723) Importer(815301076,1909f56bfc062723c751e8b465ee728b)
Start importing Assets/Sprites/CombatScene/Protagonista/Atack/6.png using Guid(72ddcec7657446046813e64cbfa42723) Importer(815301076,1909f56bfc062723c751e8b465ee728b)  -> (artifact id: 'f5d13ddbddd150de76097b1b4944322a') in 0.176239 seconds 
========================================================================
Received Import Request.
  Time since last request: 0.000023 seconds.
  path: Assets/Sprites/CombatScene/Enemigos/Tristeza/Attack/16.png
  artifactKey: Guid(c1a014994ef3adf4c803be6ddceb2775) Importer(815301076,1909f56bfc062723c751e8b465ee728b)
Start importing Assets/Sprites/CombatScene/Enemigos/Tristeza/Attack/16.png using Guid(c1a014994ef3adf4c803be6ddceb2775) Importer(815301076,1909f56bfc062723c751e8b465ee728b)  -> (artifact id: '00a3cd573c178673f139fc6752fa7009') in 0.194931 seconds 
========================================================================
Received Import Request.
  Time since last request: 0.000022 seconds.
  path: Assets/Sprites/CombatScene/Protagonista/Idle/3.png
  artifactKey: Guid(508abbbbe6b4a864ba3630686ee0dc23) Importer(815301076,1909f56bfc062723c751e8b465ee728b)
Start importing Assets/Sprites/CombatScene/Protagonista/Idle/3.png using Guid(508abbbbe6b4a864ba3630686ee0dc23) Importer(815301076,1909f56bfc062723c751e8b465ee728b)  -> (artifact id: '0b8cc1618c04d57466aaf6f13b5e77f0') in 0.187554 seconds 
========================================================================
Received Import Request.
  Time since last request: 0.000026 seconds.
  path: Assets/Sprites/CombatScene/Enemigos/Miedo/Idle/8.png
  artifactKey: Guid(8ab9152cd3ee33449afa5b568ddaff37) Importer(815301076,1909f56bfc062723c751e8b465ee728b)
Start importing Assets/Sprites/CombatScene/Enemigos/Miedo/Idle/8.png using Guid(8ab9152cd3ee33449afa5b568ddaff37) Importer(815301076,1909f56bfc062723c751e8b465ee728b)  -> (artifact id: 'b899cafa43854da34d43bef8deba35d7') in 0.162503 seconds 
========================================================================
Received Import Request.
  Time since last request: 0.000022 seconds.
  path: Assets/Sprites/CombatScene/Enemigos/Miedo/Attack/14.png
  artifactKey: Guid(1716d7a7fea4b024dae6090eb8f5c45e) Importer(815301076,1909f56bfc062723c751e8b465ee728b)
Start importing Assets/Sprites/CombatScene/Enemigos/Miedo/Attack/14.png using Guid(1716d7a7fea4b024dae6090eb8f5c45e) Importer(815301076,1909f56bfc062723c751e8b465ee728b)  -> (artifact id: 'e56e360110e95bb34466898256c41c2c') in 0.171890 seconds 
========================================================================
Received Import Request.
  Time since last request: 0.000026 seconds.
  path: Assets/Sprites/CombatScene/Protagonista/Idle/6.png
  artifactKey: Guid(acb5bf2b8e30327428b423854e19bca1) Importer(815301076,1909f56bfc062723c751e8b465ee728b)
Start importing Assets/Sprites/CombatScene/Protagonista/Idle/6.png using Guid(acb5bf2b8e30327428b423854e19bca1) Importer(815301076,1909f56bfc062723c751e8b465ee728b)  -> (artifact id: '476eed7ff3780d9e046831c97cccd1b4') in 0.200482 seconds 
========================================================================
Received Import Request.
  Time since last request: 0.000025 seconds.
  path: Assets/Sprites/CombatScene/Enemigos/Miedo/Attack/5.png
  artifactKey: Guid(cdcb5a2ad1e64c240af3a493a3c1261f) Importer(815301076,1909f56bfc062723c751e8b465ee728b)
Start importing Assets/Sprites/CombatScene/Enemigos/Miedo/Attack/5.png using Guid(cdcb5a2ad1e64c240af3a493a3c1261f) Importer(815301076,1909f56bfc062723c751e8b465ee728b)  -> (artifact id: 'eb9af5cf2aa7579a70e90f591d1304d9') in 0.171664 seconds 
========================================================================
Received Import Request.
  Time since last request: 0.000020 seconds.
  path: Assets/Sprites/CombatScene/Enemigos/Miedo/Danyo/9.png
  artifactKey: Guid(2c4f31afe18b31d478cff69aaa3b3b37) Importer(815301076,1909f56bfc062723c751e8b465ee728b)
Start importing Assets/Sprites/CombatScene/Enemigos/Miedo/Danyo/9.png using Guid(2c4f31afe18b31d478cff69aaa3b3b37) Importer(815301076,1909f56bfc062723c751e8b465ee728b)  -> (artifact id: '897ac598bac79f1fb389befc0916724b') in 0.161942 seconds 
Editor requested this worker to shutdown with reason: Scaling down because of idle timeout
AssetImportWorkerClient::OnTransportError - code=2 error=End of file
AssetImportWorker is now disconnected from the server
Process exiting
Exiting without the bug reporter. Application will terminate with return code 0