Using pre-set license
Built from '2021.3/staging' branch; Version is '2021.3.22f1 (b6c551784ba3) revision 11978065'; Using compiler version '192829333'; Build Type 'Release'
OS: 'Windows 11  (10.0.22631) 64bit Core' Language: 'es' Physical Memory: 16004 MB
BatchMode: 1, IsHumanControllingUs: 0, StartBugReporterOnCrash: 0, Is64bit: 1, IsPro: 1

COMMAND LINE ARGUMENTS:
C:\Program Files\Unity\Hub\Editor\2021.3.22f1\Editor\Unity.exe
-adb2
-batchMode
-noUpm
-name
AssetImportWorker4
-projectPath
C:/Users/lyrax/OneDrive/Escritorio/kilimbu/Kilimbu/Diagony
-logFile
Logs/AssetImportWorker4.log
-srvPort
65373
Successfully changed project path to: C:/Users/lyrax/OneDrive/Escritorio/kilimbu/Kilimbu/Diagony
C:/Users/lyrax/OneDrive/Escritorio/kilimbu/Kilimbu/Diagony
[UnityMemory] Configuration Parameters - Can be set up in boot.config
    "memorysetup-bucket-allocator-granularity=16"
    "memorysetup-bucket-allocator-bucket-count=8"
    "memorysetup-bucket-allocator-block-size=33554432"
    "memorysetup-bucket-allocator-block-count=8"
    "memorysetup-main-allocator-block-size=16777216"
    "memorysetup-thread-allocator-block-size=16777216"
    "memorysetup-gfx-main-allocator-block-size=16777216"
    "memorysetup-gfx-thread-allocator-block-size=16777216"
    "memorysetup-cache-allocator-block-size=4194304"
    "memorysetup-typetree-allocator-block-size=2097152"
    "memorysetup-profiler-bucket-allocator-granularity=16"
    "memorysetup-profiler-bucket-allocator-bucket-count=8"
    "memorysetup-profiler-bucket-allocator-block-size=33554432"
    "memorysetup-profiler-bucket-allocator-block-count=8"
    "memorysetup-profiler-allocator-block-size=16777216"
    "memorysetup-profiler-editor-allocator-block-size=1048576"
    "memorysetup-temp-allocator-size-main=16777216"
    "memorysetup-job-temp-allocator-block-size=2097152"
    "memorysetup-job-temp-allocator-block-size-background=1048576"
    "memorysetup-job-temp-allocator-reduction-small-platforms=262144"
    "memorysetup-temp-allocator-size-background-worker=32768"
    "memorysetup-temp-allocator-size-job-worker=262144"
    "memorysetup-temp-allocator-size-preload-manager=33554432"
    "memorysetup-temp-allocator-size-nav-mesh-worker=65536"
    "memorysetup-temp-allocator-size-audio-worker=65536"
    "memorysetup-temp-allocator-size-cloud-worker=32768"
    "memorysetup-temp-allocator-size-gi-baking-worker=262144"
    "memorysetup-temp-allocator-size-gfx=262144"
Player connection [11580] Host "[IP] 192.168.1.66 [Port] 0 [Flags] 2 [Guid] 3283303502 [EditorId] 3283303502 [Version] 1048832 [Id] WindowsEditor(7,yu) [Debug] 1 [PackageName] WindowsEditor [ProjectName] Editor" joined multi-casting on [225.0.0.222:54997]...

Player connection [11580] Host "[IP] 192.168.1.66 [Port] 0 [Flags] 2 [Guid] 3283303502 [EditorId] 3283303502 [Version] 1048832 [Id] WindowsEditor(7,yu) [Debug] 1 [PackageName] WindowsEditor [ProjectName] Editor" joined alternative multi-casting on [225.0.0.222:34997]...

Refreshing native plugins compatible for Editor in 76.28 ms, found 4 plugins.
Preloading 0 native plugins for Editor in 0.00 ms.
Initialize engine version: 2021.3.22f1 (b6c551784ba3)
[Subsystems] Discovering subsystems at path C:/Program Files/Unity/Hub/Editor/2021.3.22f1/Editor/Data/Resources/UnitySubsystems
[Subsystems] Discovering subsystems at path C:/Users/lyrax/OneDrive/Escritorio/kilimbu/Kilimbu/Diagony/Assets
GfxDevice: creating device client; threaded=0; jobified=0
Direct3D:
    Version:  Direct3D 11.0 [level 11.1]
    Renderer: NVIDIA GeForce RTX 3060 Laptop GPU (ID=0x2520)
    Vendor:   NVIDIA
    VRAM:     6023 MB
    Driver:   30.0.15.1278
Initialize mono
Mono path[0] = 'C:/Program Files/Unity/Hub/Editor/2021.3.22f1/Editor/Data/Managed'
Mono path[1] = 'C:/Program Files/Unity/Hub/Editor/2021.3.22f1/Editor/Data/MonoBleedingEdge/lib/mono/unityjit-win32'
Mono config path = 'C:/Program Files/Unity/Hub/Editor/2021.3.22f1/Editor/Data/MonoBleedingEdge/etc'
Using monoOptions --debugger-agent=transport=dt_socket,embedding=1,server=y,suspend=n,address=127.0.0.1:56124
Begin MonoManager ReloadAssembly
Registering precompiled unity dll's ...
Register platform support module: C:/Program Files/Unity/Hub/Editor/2021.3.22f1/Editor/Data/PlaybackEngines/WindowsStandaloneSupport/UnityEditor.WindowsStandalone.Extensions.dll
Registered in 0.002974 seconds.
Native extension for WindowsStandalone target not found
Refreshing native plugins compatible for Editor in 62.76 ms, found 4 plugins.
Preloading 0 native plugins for Editor in 0.00 ms.
Mono: successfully reloaded assembly
- Completed reload, in  0.461 seconds
Domain Reload Profiling:
	ReloadAssembly (461ms)
		BeginReloadAssembly (57ms)
			ExecutionOrderSort (0ms)
			DisableScriptedObjects (0ms)
			BackupInstance (0ms)
			ReleaseScriptingObjects (0ms)
			CreateAndSetChildDomain (1ms)
		EndReloadAssembly (338ms)
			LoadAssemblies (56ms)
			RebuildTransferFunctionScriptingTraits (0ms)
			SetupTypeCache (72ms)
			ReleaseScriptCaches (0ms)
			RebuildScriptCaches (22ms)
			SetupLoadedEditorAssemblies (206ms)
				LogAssemblyErrors (0ms)
				InitializePlatformSupportModulesInManaged (6ms)
				SetLoadedEditorAssemblies (0ms)
				RefreshPlugins (63ms)
				BeforeProcessingInitializeOnLoad (1ms)
				ProcessInitializeOnLoadAttributes (103ms)
				ProcessInitializeOnLoadMethodAttributes (33ms)
				AfterProcessingInitializeOnLoad (0ms)
				EditorAssembliesLoaded (0ms)
			ExecutionOrderSort2 (0ms)
			AwakeInstancesAfterBackupRestoration (0ms)
Platform modules already initialized, skipping
Registering precompiled user dll's ...
Registered in 0.003598 seconds.
Begin MonoManager ReloadAssembly
Symbol file LoadedFromMemory doesn't match image C:\Users\lyrax\OneDrive\Escritorio\kilimbu\Kilimbu\Diagony\Library\PackageCache\com.unity.visualscripting@1.8.0\Editor\VisualScripting.Core\Dependencies\YamlDotNet\Unity.VisualScripting.YamlDotNet.dll
Symbol file LoadedFromMemory doesn't match image C:\Users\lyrax\OneDrive\Escritorio\kilimbu\Kilimbu\Diagony\Library\PackageCache\com.unity.visualscripting@1.8.0\Editor\VisualScripting.Core\Dependencies\DotNetZip\Unity.VisualScripting.IonicZip.dll
Native extension for WindowsStandalone target not found
Refreshing native plugins compatible for Editor in 62.44 ms, found 4 plugins.
Preloading 0 native plugins for Editor in 0.00 ms.
Mono: successfully reloaded assembly
- Completed reload, in  0.792 seconds
Domain Reload Profiling:
	ReloadAssembly (793ms)
		BeginReloadAssembly (81ms)
			ExecutionOrderSort (0ms)
			DisableScriptedObjects (4ms)
			BackupInstance (0ms)
			ReleaseScriptingObjects (0ms)
			CreateAndSetChildDomain (14ms)
		EndReloadAssembly (640ms)
			LoadAssemblies (63ms)
			RebuildTransferFunctionScriptingTraits (0ms)
			SetupTypeCache (163ms)
			ReleaseScriptCaches (0ms)
			RebuildScriptCaches (44ms)
			SetupLoadedEditorAssemblies (339ms)
				LogAssemblyErrors (0ms)
				InitializePlatformSupportModulesInManaged (4ms)
				SetLoadedEditorAssemblies (0ms)
				RefreshPlugins (62ms)
				BeforeProcessingInitializeOnLoad (68ms)
				ProcessInitializeOnLoadAttributes (175ms)
				ProcessInitializeOnLoadMethodAttributes (26ms)
				AfterProcessingInitializeOnLoad (4ms)
				EditorAssembliesLoaded (0ms)
			ExecutionOrderSort2 (0ms)
			AwakeInstancesAfterBackupRestoration (4ms)
Platform modules already initialized, skipping
========================================================================
Worker process is ready to serve import requests
Launched and connected shader compiler UnityShaderCompiler.exe after 0.03 seconds
Refreshing native plugins compatible for Editor in 0.47 ms, found 4 plugins.
Preloading 0 native plugins for Editor in 0.00 ms.
Unloading 3788 Unused Serialized files (Serialized files now loaded: 0)
Unloading 35 unused Assets / (56.5 KB). Loaded Objects now: 4251.
Memory consumption went from 146.8 MB to 146.7 MB.
Total: 2.809900 ms (FindLiveObjects: 0.212500 ms CreateObjectMapping: 0.107400 ms MarkObjects: 2.404900 ms  DeleteObjects: 0.084000 ms)

AssetImportParameters requested are different than current active one (requested -> active):
  custom:video-decoder-ogg-theora: a1e56fd34408186e4bbccfd4996cb3dc -> 
  custom:container-muxer-webm: aa71ff27fc2769a1b78a27578f13a17b -> 
  custom:container-demuxer-webm: 4f35f7cbe854078d1ac9338744f61a02 -> 
  custom:video-encoder-webm-vp8: eb34c28f22e8b96e1ab97ce403110664 -> 
  custom:video-codec-MediaFoundation-h265: 746d11721c4dcdbdad8f713fa42b33f4 -> 
  custom:audio-encoder-webm-vorbis: bf7c407c2cedff20999df2af8eb42d56 -> 
  custom:framework-win-MediaFoundation: 216162199b28c13a410421893ffa2e32 -> 
  custom:container-demuxer-ogg: 62fdf1f143b41e24485cea50d1cbac27 -> 
  custom:video-decoder-webm-vp8: 9c59270c3fd7afecdb556c50c9e8de78 -> 
  custom:audio-decoder-ogg-vorbis: bf7c407c2cedff20999df2af8eb42d56 -> 
========================================================================
Received Import Request.
  Time since last request: 712224.994383 seconds.
  path: Assets/TextMesh Pro/Fonts/New Folder
  artifactKey: Guid(cf737379047540b42a5b45007e561213) Importer(815301076,1909f56bfc062723c751e8b465ee728b)
Start importing Assets/TextMesh Pro/Fonts/New Folder using Guid(cf737379047540b42a5b45007e561213) Importer(815301076,1909f56bfc062723c751e8b465ee728b)  -> (artifact id: '93745a6082b5cff6f4fcd8d8c0bfa0ba') in 0.021639 seconds 
========================================================================
Received Import Request.
  Time since last request: 144.485487 seconds.
  path: Assets/TextMesh Pro/Resources/Fonts & Materials/LiberationSans SDF.asset
  artifactKey: Guid(8f586378b4e144a9851e7b34d9b748ee) Importer(815301076,1909f56bfc062723c751e8b465ee728b)
Start importing Assets/TextMesh Pro/Resources/Fonts & Materials/LiberationSans SDF.asset using Guid(8f586378b4e144a9851e7b34d9b748ee) Importer(815301076,1909f56bfc062723c751e8b465ee728b)  -> (artifact id: '9090586caf9deb36bbb08a3101426ccc') in 0.159517 seconds 
========================================================================
Received Import Request.
  Time since last request: 9.148998 seconds.
  path: Assets/TextMesh Pro/Fonts/Pathway_Extreme
  artifactKey: Guid(5c5b4fa2b26069246a24ea435a3178bf) Importer(815301076,1909f56bfc062723c751e8b465ee728b)
Start importing Assets/TextMesh Pro/Fonts/Pathway_Extreme using Guid(5c5b4fa2b26069246a24ea435a3178bf) Importer(815301076,1909f56bfc062723c751e8b465ee728b)  -> (artifact id: 'd144f50f93ebd982ab47693a401ec8e6') in 0.015628 seconds 
========================================================================
Received Import Request.
  Time since last request: 0.079144 seconds.
  path: Assets/TextMesh Pro/Fonts/Pathway_Extreme/PathwayExtreme-Italic-VariableFont_opsz,wdth,wght.ttf
  artifactKey: Guid(424c1c2979053994b94608b26bad57da) Importer(815301076,1909f56bfc062723c751e8b465ee728b)
Start importing Assets/TextMesh Pro/Fonts/Pathway_Extreme/PathwayExtreme-Italic-VariableFont_opsz,wdth,wght.ttf using Guid(424c1c2979053994b94608b26bad57da) Importer(815301076,1909f56bfc062723c751e8b465ee728b)  -> (artifact id: 'f710d6cfdbff8afc67fc526b0c2a136b') in 0.026441 seconds 
========================================================================
Received Import Request.
  Time since last request: 15.629057 seconds.
  path: Assets/TextMesh Pro/Fonts/Mukta-Bold.ttf
  artifactKey: Guid(83b81ebd26e489b4dbfc0165fc552723) Importer(815301076,1909f56bfc062723c751e8b465ee728b)
Start importing Assets/TextMesh Pro/Fonts/Mukta-Bold.ttf using Guid(83b81ebd26e489b4dbfc0165fc552723) Importer(815301076,1909f56bfc062723c751e8b465ee728b)  -> (artifact id: '2bc44b61b4574d21992819f9b9c00d97') in 0.026860 seconds 
========================================================================
Received Import Request.
  Time since last request: 0.000031 seconds.
  path: Assets/TextMesh Pro/Fonts/Mukta-Regular.ttf
  artifactKey: Guid(c4a0443e3c51d39499b384e86d212352) Importer(815301076,1909f56bfc062723c751e8b465ee728b)
Start importing Assets/TextMesh Pro/Fonts/Mukta-Regular.ttf using Guid(c4a0443e3c51d39499b384e86d212352) Importer(815301076,1909f56bfc062723c751e8b465ee728b)  -> (artifact id: 'fe86a899f2001c002086e74a2a442896') in 0.040514 seconds 
========================================================================
Received Import Request.
  Time since last request: 0.000029 seconds.
  path: Assets/TextMesh Pro/Fonts/Mukta-ExtraLight.ttf
  artifactKey: Guid(a2ba1f8874e54b0448746c7ae37394af) Importer(815301076,1909f56bfc062723c751e8b465ee728b)
Start importing Assets/TextMesh Pro/Fonts/Mukta-ExtraLight.ttf using Guid(a2ba1f8874e54b0448746c7ae37394af) Importer(815301076,1909f56bfc062723c751e8b465ee728b)  -> (artifact id: '175543e58135985448d29b95ceaf7383') in 0.023196 seconds 
========================================================================
Received Import Request.
  Time since last request: 13.026613 seconds.
  path: Assets/TextMesh Pro/Fonts/Fredoka-Bold.ttf
  artifactKey: Guid(370a6a0ab6b9ac746b77acce703434fe) Importer(815301076,1909f56bfc062723c751e8b465ee728b)
Start importing Assets/TextMesh Pro/Fonts/Fredoka-Bold.ttf using Guid(370a6a0ab6b9ac746b77acce703434fe) Importer(815301076,1909f56bfc062723c751e8b465ee728b)  -> (artifact id: 'cc02fa77562d22451f57d9a5de658c2a') in 0.038410 seconds 
========================================================================
Received Import Request.
  Time since last request: 0.000027 seconds.
  path: Assets/TextMesh Pro/Fonts/Fredoka_SemiExpanded-Regular.ttf
  artifactKey: Guid(121ba390ddc7c2b4b8fc5e627d07e423) Importer(815301076,1909f56bfc062723c751e8b465ee728b)
Start importing Assets/TextMesh Pro/Fonts/Fredoka_SemiExpanded-Regular.ttf using Guid(121ba390ddc7c2b4b8fc5e627d07e423) Importer(815301076,1909f56bfc062723c751e8b465ee728b)  -> (artifact id: 'c552fb4c943b15fcaedbf8f4905dd26e') in 0.051354 seconds 
========================================================================
Received Import Request.
  Time since last request: 0.000029 seconds.
  path: Assets/TextMesh Pro/Fonts/Fredoka_Expanded-SemiBold.ttf
  artifactKey: Guid(cc0d866fc4478334b852c04e7926b6fb) Importer(815301076,1909f56bfc062723c751e8b465ee728b)
Start importing Assets/TextMesh Pro/Fonts/Fredoka_Expanded-SemiBold.ttf using Guid(cc0d866fc4478334b852c04e7926b6fb) Importer(815301076,1909f56bfc062723c751e8b465ee728b)  -> (artifact id: 'df1501ecc59b12444dd2ab218a34b4e2') in 0.063654 seconds 
========================================================================
Received Import Request.
  Time since last request: 0.000025 seconds.
  path: Assets/TextMesh Pro/Fonts/Fredoka_Condensed-Light.ttf
  artifactKey: Guid(c2879ca827f8abd48967b109655f1814) Importer(815301076,1909f56bfc062723c751e8b465ee728b)
Start importing Assets/TextMesh Pro/Fonts/Fredoka_Condensed-Light.ttf using Guid(c2879ca827f8abd48967b109655f1814) Importer(815301076,1909f56bfc062723c751e8b465ee728b)  -> (artifact id: '9d77827eb99c60f1720cae1caeb9987f') in 0.018339 seconds 
========================================================================
Received Import Request.
  Time since last request: 0.000032 seconds.
  path: Assets/TextMesh Pro/Fonts/Fredoka_SemiExpanded-Light.ttf
  artifactKey: Guid(ac1b9aeb443f9cd46a9295caca903671) Importer(815301076,1909f56bfc062723c751e8b465ee728b)
Start importing Assets/TextMesh Pro/Fonts/Fredoka_SemiExpanded-Light.ttf using Guid(ac1b9aeb443f9cd46a9295caca903671) Importer(815301076,1909f56bfc062723c751e8b465ee728b)  -> (artifact id: '9354dc2786ac817227caf669b5da7e77') in 0.026800 seconds 
========================================================================
Received Import Request.
  Time since last request: 0.000020 seconds.
  path: Assets/TextMesh Pro/Fonts/Fredoka_SemiExpanded-Bold.ttf
  artifactKey: Guid(5dc89abdc3d43514c8050058c7dde41c) Importer(815301076,1909f56bfc062723c751e8b465ee728b)
Start importing Assets/TextMesh Pro/Fonts/Fredoka_SemiExpanded-Bold.ttf using Guid(5dc89abdc3d43514c8050058c7dde41c) Importer(815301076,1909f56bfc062723c751e8b465ee728b)  -> (artifact id: '07d081aacc7d958cc9d519495bb5aa72') in 0.051488 seconds 
========================================================================
Received Import Request.
  Time since last request: 0.000024 seconds.
  path: Assets/TextMesh Pro/Fonts/Fredoka_Expanded-Bold.ttf
  artifactKey: Guid(324714f12c18c6e4da6fb90c124e7df3) Importer(815301076,1909f56bfc062723c751e8b465ee728b)
Start importing Assets/TextMesh Pro/Fonts/Fredoka_Expanded-Bold.ttf using Guid(324714f12c18c6e4da6fb90c124e7df3) Importer(815301076,1909f56bfc062723c751e8b465ee728b)  -> (artifact id: '6f66fc88efed791b443697b036a2537c') in 0.040229 seconds 
Editor requested this worker to shutdown with reason: Scaling down because of idle timeout
AssetImportWorker is now disconnected from the server
Process exiting
Exiting without the bug reporter. Application will terminate with return code 0