Using pre-set license
Built from '2021.3/staging' branch; Version is '2021.3.22f1 (b6c551784ba3) revision 11978065'; Using compiler version '192829333'; Build Type 'Release'
OS: 'Windows 11  (10.0.22621) 64bit Core' Language: 'es' Physical Memory: 16005 MB
BatchMode: 1, IsHumanControllingUs: 0, StartBugReporterOnCrash: 0, Is64bit: 1, IsPro: 1

COMMAND LINE ARGUMENTS:
C:\Program Files\Unity\Hub\Editor\2021.3.22f1\Editor\Unity.exe
-adb2
-batchMode
-noUpm
-name
AssetImportWorker5
-projectPath
C:/Users/lyrax/OneDrive/Escritorio/kilimbu/Kilimbu/Diagony
-logFile
Logs/AssetImportWorker5.log
-srvPort
59581
Successfully changed project path to: C:/Users/lyrax/OneDrive/Escritorio/kilimbu/Kilimbu/Diagony
C:/Users/lyrax/OneDrive/Escritorio/kilimbu/Kilimbu/Diagony
[UnityMemory] Configuration Parameters - Can be set up in boot.config
    "memorysetup-bucket-allocator-granularity=16"
    "memorysetup-bucket-allocator-bucket-count=8"
    "memorysetup-bucket-allocator-block-size=33554432"
    "memorysetup-bucket-allocator-block-count=8"
    "memorysetup-main-allocator-block-size=16777216"
    "memorysetup-thread-allocator-block-size=16777216"
    "memorysetup-gfx-main-allocator-block-size=16777216"
    "memorysetup-gfx-thread-allocator-block-size=16777216"
    "memorysetup-cache-allocator-block-size=4194304"
    "memorysetup-typetree-allocator-block-size=2097152"
    "memorysetup-profiler-bucket-allocator-granularity=16"
    "memorysetup-profiler-bucket-allocator-bucket-count=8"
    "memorysetup-profiler-bucket-allocator-block-size=33554432"
    "memorysetup-profiler-bucket-allocator-block-count=8"
    "memorysetup-profiler-allocator-block-size=16777216"
    "memorysetup-profiler-editor-allocator-block-size=1048576"
    "memorysetup-temp-allocator-size-main=16777216"
    "memorysetup-job-temp-allocator-block-size=2097152"
    "memorysetup-job-temp-allocator-block-size-background=1048576"
    "memorysetup-job-temp-allocator-reduction-small-platforms=262144"
    "memorysetup-temp-allocator-size-background-worker=32768"
    "memorysetup-temp-allocator-size-job-worker=262144"
    "memorysetup-temp-allocator-size-preload-manager=33554432"
    "memorysetup-temp-allocator-size-nav-mesh-worker=65536"
    "memorysetup-temp-allocator-size-audio-worker=65536"
    "memorysetup-temp-allocator-size-cloud-worker=32768"
    "memorysetup-temp-allocator-size-gi-baking-worker=262144"
    "memorysetup-temp-allocator-size-gfx=262144"
Player connection [26868] Host "[IP] 192.168.0.33 [Port] 0 [Flags] 2 [Guid] 3198484227 [EditorId] 3198484227 [Version] 1048832 [Id] WindowsEditor(7,yu) [Debug] 1 [PackageName] WindowsEditor [ProjectName] Editor" joined multi-casting on [225.0.0.222:54997]...

Player connection [26868] Host "[IP] 192.168.0.33 [Port] 0 [Flags] 2 [Guid] 3198484227 [EditorId] 3198484227 [Version] 1048832 [Id] WindowsEditor(7,yu) [Debug] 1 [PackageName] WindowsEditor [ProjectName] Editor" joined alternative multi-casting on [225.0.0.222:34997]...

Refreshing native plugins compatible for Editor in 82.09 ms, found 4 plugins.
Preloading 0 native plugins for Editor in 0.00 ms.
Initialize engine version: 2021.3.22f1 (b6c551784ba3)
[Subsystems] Discovering subsystems at path C:/Program Files/Unity/Hub/Editor/2021.3.22f1/Editor/Data/Resources/UnitySubsystems
[Subsystems] Discovering subsystems at path C:/Users/lyrax/OneDrive/Escritorio/kilimbu/Kilimbu/Diagony/Assets
GfxDevice: creating device client; threaded=0; jobified=0
Direct3D:
    Version:  Direct3D 11.0 [level 11.1]
    Renderer: NVIDIA GeForce RTX 3060 Laptop GPU (ID=0x2520)
    Vendor:   NVIDIA
    VRAM:     6023 MB
    Driver:   30.0.15.1278
Initialize mono
Mono path[0] = 'C:/Program Files/Unity/Hub/Editor/2021.3.22f1/Editor/Data/Managed'
Mono path[1] = 'C:/Program Files/Unity/Hub/Editor/2021.3.22f1/Editor/Data/MonoBleedingEdge/lib/mono/unityjit-win32'
Mono config path = 'C:/Program Files/Unity/Hub/Editor/2021.3.22f1/Editor/Data/MonoBleedingEdge/etc'
Using monoOptions --debugger-agent=transport=dt_socket,embedding=1,server=y,suspend=n,address=127.0.0.1:56060
Begin MonoManager ReloadAssembly
Registering precompiled unity dll's ...
Register platform support module: C:/Program Files/Unity/Hub/Editor/2021.3.22f1/Editor/Data/PlaybackEngines/WindowsStandaloneSupport/UnityEditor.WindowsStandalone.Extensions.dll
Registered in 0.003673 seconds.
Native extension for WindowsStandalone target not found
Refreshing native plugins compatible for Editor in 55.26 ms, found 4 plugins.
Preloading 0 native plugins for Editor in 0.00 ms.
Mono: successfully reloaded assembly
- Completed reload, in  0.453 seconds
Domain Reload Profiling:
	ReloadAssembly (453ms)
		BeginReloadAssembly (67ms)
			ExecutionOrderSort (0ms)
			DisableScriptedObjects (0ms)
			BackupInstance (0ms)
			ReleaseScriptingObjects (0ms)
			CreateAndSetChildDomain (1ms)
		EndReloadAssembly (313ms)
			LoadAssemblies (66ms)
			RebuildTransferFunctionScriptingTraits (0ms)
			SetupTypeCache (68ms)
			ReleaseScriptCaches (0ms)
			RebuildScriptCaches (20ms)
			SetupLoadedEditorAssemblies (193ms)
				LogAssemblyErrors (0ms)
				InitializePlatformSupportModulesInManaged (5ms)
				SetLoadedEditorAssemblies (0ms)
				RefreshPlugins (55ms)
				BeforeProcessingInitializeOnLoad (1ms)
				ProcessInitializeOnLoadAttributes (100ms)
				ProcessInitializeOnLoadMethodAttributes (31ms)
				AfterProcessingInitializeOnLoad (0ms)
				EditorAssembliesLoaded (0ms)
			ExecutionOrderSort2 (0ms)
			AwakeInstancesAfterBackupRestoration (0ms)
Platform modules already initialized, skipping
Registering precompiled user dll's ...
Registered in 0.003645 seconds.
Begin MonoManager ReloadAssembly
Symbol file LoadedFromMemory doesn't match image C:\Users\lyrax\OneDrive\Escritorio\kilimbu\Kilimbu\Diagony\Library\PackageCache\com.unity.visualscripting@1.8.0\Editor\VisualScripting.Core\Dependencies\YamlDotNet\Unity.VisualScripting.YamlDotNet.dll
Symbol file LoadedFromMemory doesn't match image C:\Users\lyrax\OneDrive\Escritorio\kilimbu\Kilimbu\Diagony\Library\PackageCache\com.unity.visualscripting@1.8.0\Editor\VisualScripting.Core\Dependencies\DotNetZip\Unity.VisualScripting.IonicZip.dll
Native extension for WindowsStandalone target not found
Refreshing native plugins compatible for Editor in 61.94 ms, found 4 plugins.
Preloading 0 native plugins for Editor in 0.00 ms.
Mono: successfully reloaded assembly
- Completed reload, in  0.759 seconds
Domain Reload Profiling:
	ReloadAssembly (760ms)
		BeginReloadAssembly (80ms)
			ExecutionOrderSort (0ms)
			DisableScriptedObjects (4ms)
			BackupInstance (0ms)
			ReleaseScriptingObjects (0ms)
			CreateAndSetChildDomain (15ms)
		EndReloadAssembly (613ms)
			LoadAssemblies (59ms)
			RebuildTransferFunctionScriptingTraits (0ms)
			SetupTypeCache (146ms)
			ReleaseScriptCaches (0ms)
			RebuildScriptCaches (39ms)
			SetupLoadedEditorAssemblies (338ms)
				LogAssemblyErrors (0ms)
				InitializePlatformSupportModulesInManaged (3ms)
				SetLoadedEditorAssemblies (0ms)
				RefreshPlugins (62ms)
				BeforeProcessingInitializeOnLoad (71ms)
				ProcessInitializeOnLoadAttributes (172ms)
				ProcessInitializeOnLoadMethodAttributes (27ms)
				AfterProcessingInitializeOnLoad (3ms)
				EditorAssembliesLoaded (0ms)
			ExecutionOrderSort2 (0ms)
			AwakeInstancesAfterBackupRestoration (4ms)
Platform modules already initialized, skipping
========================================================================
Worker process is ready to serve import requests
Launched and connected shader compiler UnityShaderCompiler.exe after 0.03 seconds
Refreshing native plugins compatible for Editor in 0.72 ms, found 4 plugins.
Preloading 0 native plugins for Editor in 0.00 ms.
Unloading 3770 Unused Serialized files (Serialized files now loaded: 0)
Unloading 35 unused Assets / (56.1 KB). Loaded Objects now: 4231.
Memory consumption went from 145.9 MB to 145.8 MB.
Total: 3.268400 ms (FindLiveObjects: 0.316500 ms CreateObjectMapping: 0.126100 ms MarkObjects: 2.739700 ms  DeleteObjects: 0.084600 ms)

AssetImportParameters requested are different than current active one (requested -> active):
  custom:video-decoder-ogg-theora: a1e56fd34408186e4bbccfd4996cb3dc -> 
  custom:container-muxer-webm: aa71ff27fc2769a1b78a27578f13a17b -> 
  custom:container-demuxer-webm: 4f35f7cbe854078d1ac9338744f61a02 -> 
  custom:video-encoder-webm-vp8: eb34c28f22e8b96e1ab97ce403110664 -> 
  custom:video-codec-MediaFoundation-h265: 746d11721c4dcdbdad8f713fa42b33f4 -> 
  custom:audio-encoder-webm-vorbis: bf7c407c2cedff20999df2af8eb42d56 -> 
  custom:framework-win-MediaFoundation: 216162199b28c13a410421893ffa2e32 -> 
  custom:container-demuxer-ogg: 62fdf1f143b41e24485cea50d1cbac27 -> 
  custom:video-decoder-webm-vp8: 9c59270c3fd7afecdb556c50c9e8de78 -> 
  custom:audio-decoder-ogg-vorbis: bf7c407c2cedff20999df2af8eb42d56 -> 
========================================================================
Received Import Request.
  Time since last request: 282921.348079 seconds.
  path: Assets/Sprites/Protagonista/Danyo/6.png
  artifactKey: Guid(201d1b94e501c9042a0d60f53563e855) Importer(815301076,1909f56bfc062723c751e8b465ee728b)
Start importing Assets/Sprites/Protagonista/Danyo/6.png using Guid(201d1b94e501c9042a0d60f53563e855) Importer(815301076,1909f56bfc062723c751e8b465ee728b)  -> (artifact id: '7326d2c5f85244d7ef9595dd8295e731') in 0.261210 seconds 
========================================================================
Received Import Request.
  Time since last request: 1.544299 seconds.
  path: Assets/Sprites/Protagonista/Atack/6.png
  artifactKey: Guid(72ddcec7657446046813e64cbfa42723) Importer(815301076,1909f56bfc062723c751e8b465ee728b)
Start importing Assets/Sprites/Protagonista/Atack/6.png using Guid(72ddcec7657446046813e64cbfa42723) Importer(815301076,1909f56bfc062723c751e8b465ee728b)  -> (artifact id: 'fb5bd2d7be177a76ae7fb9f6d705512e') in 0.276759 seconds 
========================================================================
Received Import Request.
  Time since last request: 7.067852 seconds.
  path: Assets/Sprites/Protagonista/Atack/6.png
  artifactKey: Guid(72ddcec7657446046813e64cbfa42723) Importer(815301076,1909f56bfc062723c751e8b465ee728b)
Start importing Assets/Sprites/Protagonista/Atack/6.png using Guid(72ddcec7657446046813e64cbfa42723) Importer(815301076,1909f56bfc062723c751e8b465ee728b)  -> (artifact id: 'c91f00ea28de1b5ba5d77d218c2508b1') in 0.196261 seconds 
========================================================================
Received Import Request.
  Time since last request: 0.000034 seconds.
  path: Assets/Sprites/Protagonista/Atack/8.png
  artifactKey: Guid(7b9fe037ccf184b4a8e1fbdb1c7a5631) Importer(815301076,1909f56bfc062723c751e8b465ee728b)
Start importing Assets/Sprites/Protagonista/Atack/8.png using Guid(7b9fe037ccf184b4a8e1fbdb1c7a5631) Importer(815301076,1909f56bfc062723c751e8b465ee728b)  -> (artifact id: 'd6191a5a466a48a2f47c94963c358e4f') in 0.156328 seconds 
========================================================================
Received Import Request.
  Time since last request: 4.428219 seconds.
  path: Assets/Sprites/Enemigos/Ira/Idle/6.png
  artifactKey: Guid(150f50f8b0b31cb4f99913fee3388b0e) Importer(815301076,1909f56bfc062723c751e8b465ee728b)
Start importing Assets/Sprites/Enemigos/Ira/Idle/6.png using Guid(150f50f8b0b31cb4f99913fee3388b0e) Importer(815301076,1909f56bfc062723c751e8b465ee728b)  -> (artifact id: 'd7b914aee273ab7707b0e71f1a033542') in 0.158105 seconds 
========================================================================
Received Import Request.
  Time since last request: 6.332290 seconds.
  path: Assets/Sprites/Enemigos/Ira/Idle/6.png
  artifactKey: Guid(150f50f8b0b31cb4f99913fee3388b0e) Importer(815301076,1909f56bfc062723c751e8b465ee728b)
Start importing Assets/Sprites/Enemigos/Ira/Idle/6.png using Guid(150f50f8b0b31cb4f99913fee3388b0e) Importer(815301076,1909f56bfc062723c751e8b465ee728b)  -> (artifact id: '0a10671a1c7b91f07633633c53cbfa33') in 0.224988 seconds 
========================================================================
Received Import Request.
  Time since last request: 3.115295 seconds.
  path: Assets/Sprites/Enemigos/Miedo/Idle/6.png
  artifactKey: Guid(9b75cf33fb6a86949b6a6e4145350541) Importer(815301076,1909f56bfc062723c751e8b465ee728b)
Start importing Assets/Sprites/Enemigos/Miedo/Idle/6.png using Guid(9b75cf33fb6a86949b6a6e4145350541) Importer(815301076,1909f56bfc062723c751e8b465ee728b)  -> (artifact id: '155a297bc0405ac4884433a74aaaf39e') in 0.237236 seconds 
========================================================================
Received Import Request.
  Time since last request: 0.000019 seconds.
  path: Assets/Sprites/Enemigos/Miedo/Idle/9.png
  artifactKey: Guid(a173274015f288e4980382b7e120f4b4) Importer(815301076,1909f56bfc062723c751e8b465ee728b)
Start importing Assets/Sprites/Enemigos/Miedo/Idle/9.png using Guid(a173274015f288e4980382b7e120f4b4) Importer(815301076,1909f56bfc062723c751e8b465ee728b)  -> (artifact id: 'e46e76a0a4f6ad216801d4a7218124a0') in 0.144250 seconds 
========================================================================
Received Import Request.
  Time since last request: 8.031717 seconds.
  path: Assets/Sprites/Enemigos/Miedo/Idle/6.png
  artifactKey: Guid(9b75cf33fb6a86949b6a6e4145350541) Importer(815301076,1909f56bfc062723c751e8b465ee728b)
Start importing Assets/Sprites/Enemigos/Miedo/Idle/6.png using Guid(9b75cf33fb6a86949b6a6e4145350541) Importer(815301076,1909f56bfc062723c751e8b465ee728b)  -> (artifact id: 'ed6cbb696b934a12f21c25fae87cb92d') in 0.212702 seconds 
========================================================================
Received Import Request.
  Time since last request: 0.000027 seconds.
  path: Assets/Sprites/Enemigos/Miedo/Idle/11.png
  artifactKey: Guid(30f004adbf2b1914c913a18bc5b7245f) Importer(815301076,1909f56bfc062723c751e8b465ee728b)
Start importing Assets/Sprites/Enemigos/Miedo/Idle/11.png using Guid(30f004adbf2b1914c913a18bc5b7245f) Importer(815301076,1909f56bfc062723c751e8b465ee728b)  -> (artifact id: 'bffe4de903f80f851a633ed11aab9ce9') in 0.157974 seconds 
========================================================================
Received Import Request.
  Time since last request: 2.472412 seconds.
  path: Assets/Sprites/Enemigos/Tristeza/Danyo/6.png
  artifactKey: Guid(af7cfe8115a9a494bbf8296064d09b76) Importer(815301076,1909f56bfc062723c751e8b465ee728b)
Start importing Assets/Sprites/Enemigos/Tristeza/Danyo/6.png using Guid(af7cfe8115a9a494bbf8296064d09b76) Importer(815301076,1909f56bfc062723c751e8b465ee728b)  -> (artifact id: '892f699d0d2fa0ceee550e6607ade2d9') in 0.249604 seconds 
========================================================================
Received Import Request.
  Time since last request: 0.000023 seconds.
  path: Assets/Sprites/Enemigos/Tristeza/Danyo/9.png
  artifactKey: Guid(ba86967bd2173764fa8b9cb51cd4765a) Importer(815301076,1909f56bfc062723c751e8b465ee728b)
Start importing Assets/Sprites/Enemigos/Tristeza/Danyo/9.png using Guid(ba86967bd2173764fa8b9cb51cd4765a) Importer(815301076,1909f56bfc062723c751e8b465ee728b)  -> (artifact id: 'e2f13b247d1858212dc1485b35fc7047') in 0.163746 seconds 
========================================================================
Received Import Request.
  Time since last request: 6.558868 seconds.
  path: Assets/Sprites/Enemigos/Tristeza/Danyo/6.png
  artifactKey: Guid(af7cfe8115a9a494bbf8296064d09b76) Importer(815301076,1909f56bfc062723c751e8b465ee728b)
Start importing Assets/Sprites/Enemigos/Tristeza/Danyo/6.png using Guid(af7cfe8115a9a494bbf8296064d09b76) Importer(815301076,1909f56bfc062723c751e8b465ee728b)  -> (artifact id: 'c050e2902b0e02eb039413d4ff9f5cc3') in 0.167661 seconds 
========================================================================
Received Import Request.
  Time since last request: 0.000031 seconds.
  path: Assets/Sprites/Enemigos/Tristeza/Danyo/7.png
  artifactKey: Guid(3257397c2185bfc49821224ac91d70c9) Importer(815301076,1909f56bfc062723c751e8b465ee728b)
Start importing Assets/Sprites/Enemigos/Tristeza/Danyo/7.png using Guid(3257397c2185bfc49821224ac91d70c9) Importer(815301076,1909f56bfc062723c751e8b465ee728b)  -> (artifact id: '6c1b100e487adba354bee7e4f4a9750c') in 0.134121 seconds 
========================================================================
Received Import Request.
  Time since last request: 1.904180 seconds.
  path: Assets/Sprites/Enemigos/Tristeza/Idle/6.png
  artifactKey: Guid(e476a70c939b8de42a104767e1259f08) Importer(815301076,1909f56bfc062723c751e8b465ee728b)
Start importing Assets/Sprites/Enemigos/Tristeza/Idle/6.png using Guid(e476a70c939b8de42a104767e1259f08) Importer(815301076,1909f56bfc062723c751e8b465ee728b)  -> (artifact id: '2b9cc6f0eae5ee86623ce653e9153a11') in 0.265150 seconds 
========================================================================
Received Import Request.
  Time since last request: 6.745176 seconds.
  path: Assets/Sprites/Enemigos/Tristeza/Idle/6.png
  artifactKey: Guid(e476a70c939b8de42a104767e1259f08) Importer(815301076,1909f56bfc062723c751e8b465ee728b)
Start importing Assets/Sprites/Enemigos/Tristeza/Idle/6.png using Guid(e476a70c939b8de42a104767e1259f08) Importer(815301076,1909f56bfc062723c751e8b465ee728b)  -> (artifact id: '49830e628f62ce83bfb1fb636206bb6a') in 0.292863 seconds 
========================================================================
Received Prepare
Registering precompiled user dll's ...
Registered in 0.003647 seconds.
Begin MonoManager ReloadAssembly
Symbol file LoadedFromMemory doesn't match image C:\Users\lyrax\OneDrive\Escritorio\kilimbu\Kilimbu\Diagony\Library\PackageCache\com.unity.visualscripting@1.8.0\Editor\VisualScripting.Core\Dependencies\YamlDotNet\Unity.VisualScripting.YamlDotNet.dll
Symbol file LoadedFromMemory doesn't match image C:\Users\lyrax\OneDrive\Escritorio\kilimbu\Kilimbu\Diagony\Library\PackageCache\com.unity.visualscripting@1.8.0\Editor\VisualScripting.Core\Dependencies\DotNetZip\Unity.VisualScripting.IonicZip.dll
Native extension for WindowsStandalone target not found
Refreshing native plugins compatible for Editor in 0.59 ms, found 4 plugins.
Preloading 0 native plugins for Editor in 0.00 ms.
Mono: successfully reloaded assembly
- Completed reload, in  0.796 seconds
Domain Reload Profiling:
	ReloadAssembly (796ms)
		BeginReloadAssembly (105ms)
			ExecutionOrderSort (0ms)
			DisableScriptedObjects (5ms)
			BackupInstance (0ms)
			ReleaseScriptingObjects (0ms)
			CreateAndSetChildDomain (27ms)
		EndReloadAssembly (624ms)
			LoadAssemblies (71ms)
			RebuildTransferFunctionScriptingTraits (0ms)
			SetupTypeCache (177ms)
			ReleaseScriptCaches (1ms)
			RebuildScriptCaches (50ms)
			SetupLoadedEditorAssemblies (281ms)
				LogAssemblyErrors (0ms)
				InitializePlatformSupportModulesInManaged (4ms)
				SetLoadedEditorAssemblies (0ms)
				RefreshPlugins (1ms)
				BeforeProcessingInitializeOnLoad (62ms)
				ProcessInitializeOnLoadAttributes (180ms)
				ProcessInitializeOnLoadMethodAttributes (31ms)
				AfterProcessingInitializeOnLoad (4ms)
				EditorAssembliesLoaded (0ms)
			ExecutionOrderSort2 (0ms)
			AwakeInstancesAfterBackupRestoration (6ms)
Platform modules already initialized, skipping
Refreshing native plugins compatible for Editor in 2.96 ms, found 4 plugins.
Preloading 0 native plugins for Editor in 0.00 ms.
Unloading 3746 Unused Serialized files (Serialized files now loaded: 0)
Unloading 22 unused Assets / (24.7 KB). Loaded Objects now: 4241.
Memory consumption went from 147.8 MB to 147.8 MB.
Total: 3.912200 ms (FindLiveObjects: 0.267900 ms CreateObjectMapping: 0.206600 ms MarkObjects: 3.396300 ms  DeleteObjects: 0.039900 ms)

AssetImportParameters requested are different than current active one (requested -> active):
  custom:video-decoder-ogg-theora: a1e56fd34408186e4bbccfd4996cb3dc -> 
  custom:container-muxer-webm: aa71ff27fc2769a1b78a27578f13a17b -> 
  custom:container-demuxer-webm: 4f35f7cbe854078d1ac9338744f61a02 -> 
  custom:video-encoder-webm-vp8: eb34c28f22e8b96e1ab97ce403110664 -> 
  custom:video-codec-MediaFoundation-h265: 746d11721c4dcdbdad8f713fa42b33f4 -> 
  custom:audio-encoder-webm-vorbis: bf7c407c2cedff20999df2af8eb42d56 -> 
  custom:framework-win-MediaFoundation: 216162199b28c13a410421893ffa2e32 -> 
  custom:container-demuxer-ogg: 62fdf1f143b41e24485cea50d1cbac27 -> 
  custom:video-decoder-webm-vp8: 9c59270c3fd7afecdb556c50c9e8de78 -> 
  custom:audio-decoder-ogg-vorbis: bf7c407c2cedff20999df2af8eb42d56 -> 
Editor requested this worker to shutdown with reason: Scaling down because of idle timeout
AssetImportWorkerClient::OnTransportError - code=2 error=End of file
AssetImportWorker is now disconnected from the server
Process exiting
Exiting without the bug reporter. Application will terminate with return code 0